   1              		.cpu arm7tdmi
   2              		.fpu softvfp
   3              		.eabi_attribute 20, 1
   4              		.eabi_attribute 21, 1
   5              		.eabi_attribute 23, 3
   6              		.eabi_attribute 24, 1
   7              		.eabi_attribute 25, 1
   8              		.eabi_attribute 26, 1
   9              		.eabi_attribute 30, 6
  10              		.eabi_attribute 18, 4
  11              		.file	"main.c"
  21              	.Ltext0:
  22              		.file 1 "../main.c"
 3020              		.align	5
 3023              	cuadricula_C_C:
 3024 0000 1500     		.short	21
 3025 0002 0000     		.short	0
 3026 0004 0000     		.short	0
 3027 0006 1300     		.short	19
 3028 0008 0000     		.short	0
 3029 000a 0000     		.short	0
 3030 000c 0000     		.short	0
 3031 000e 0000     		.short	0
 3032 0010 0000     		.short	0
 3033 0012 0000     		.short	0
 3034 0014 0000     		.short	0
 3035 0016 0000     		.short	0
 3036 0018 0000     		.short	0
 3037 001a 0000     		.short	0
 3038 001c 0000     		.short	0
 3039 001e 0000     		.short	0
 3040 0020 0000     		.short	0
 3041 0022 0000     		.short	0
 3042 0024 0000     		.short	0
 3043 0026 0000     		.short	0
 3044 0028 1900     		.short	25
 3045 002a 0000     		.short	0
 3046 002c 0000     		.short	0
 3047 002e 0000     		.short	0
 3048 0030 1500     		.short	21
 3049 0032 0000     		.short	0
 3050 0034 0000     		.short	0
 3051 0036 0000     		.short	0
 3052 0038 0000     		.short	0
 3053 003a 0000     		.short	0
 3054 003c 0000     		.short	0
 3055 003e 0000     		.short	0
 3056 0040 0000     		.short	0
 3057 0042 1900     		.short	25
 3058 0044 1600     		.short	22
 3059 0046 1700     		.short	23
 3060 0048 0000     		.short	0
 3061 004a 1500     		.short	21
 3062 004c 0000     		.short	0
 3063 004e 1300     		.short	19
 3064 0050 0000     		.short	0
 3065 0052 0000     		.short	0
 3066 0054 0000     		.short	0
 3067 0056 0000     		.short	0
 3068 0058 0000     		.short	0
 3069 005a 0000     		.short	0
 3070 005c 0000     		.short	0
 3071 005e 0000     		.short	0
 3072 0060 0000     		.short	0
 3073 0062 1800     		.short	24
 3074 0064 0000     		.short	0
 3075 0066 1900     		.short	25
 3076 0068 0000     		.short	0
 3077 006a 0000     		.short	0
 3078 006c 1600     		.short	22
 3079 006e 0000     		.short	0
 3080 0070 0000     		.short	0
 3081 0072 0000     		.short	0
 3082 0074 0000     		.short	0
 3083 0076 0000     		.short	0
 3084 0078 0000     		.short	0
 3085 007a 0000     		.short	0
 3086 007c 0000     		.short	0
 3087 007e 0000     		.short	0
 3088 0080 0000     		.short	0
 3089 0082 0000     		.short	0
 3090 0084 1500     		.short	21
 3091 0086 1800     		.short	24
 3092 0088 1600     		.short	22
 3093 008a 1100     		.short	17
 3094 008c 1400     		.short	20
 3095 008e 0000     		.short	0
 3096 0090 0000     		.short	0
 3097 0092 0000     		.short	0
 3098 0094 0000     		.short	0
 3099 0096 0000     		.short	0
 3100 0098 0000     		.short	0
 3101 009a 0000     		.short	0
 3102 009c 0000     		.short	0
 3103 009e 0000     		.short	0
 3104 00a0 0000     		.short	0
 3105 00a2 0000     		.short	0
 3106 00a4 1400     		.short	20
 3107 00a6 1200     		.short	18
 3108 00a8 0000     		.short	0
 3109 00aa 1300     		.short	19
 3110 00ac 0000     		.short	0
 3111 00ae 1700     		.short	23
 3112 00b0 0000     		.short	0
 3113 00b2 0000     		.short	0
 3114 00b4 0000     		.short	0
 3115 00b6 0000     		.short	0
 3116 00b8 0000     		.short	0
 3117 00ba 0000     		.short	0
 3118 00bc 0000     		.short	0
 3119 00be 0000     		.short	0
 3120 00c0 0000     		.short	0
 3121 00c2 1700     		.short	23
 3122 00c4 0000     		.short	0
 3123 00c6 1500     		.short	21
 3124 00c8 0000     		.short	0
 3125 00ca 1900     		.short	25
 3126 00cc 1200     		.short	18
 3127 00ce 1600     		.short	22
 3128 00d0 0000     		.short	0
 3129 00d2 0000     		.short	0
 3130 00d4 0000     		.short	0
 3131 00d6 0000     		.short	0
 3132 00d8 0000     		.short	0
 3133 00da 0000     		.short	0
 3134 00dc 0000     		.short	0
 3135 00de 0000     		.short	0
 3136 00e0 1600     		.short	22
 3137 00e2 0000     		.short	0
 3138 00e4 0000     		.short	0
 3139 00e6 0000     		.short	0
 3140 00e8 1800     		.short	24
 3141 00ea 0000     		.short	0
 3142 00ec 0000     		.short	0
 3143 00ee 0000     		.short	0
 3144 00f0 0000     		.short	0
 3145 00f2 0000     		.short	0
 3146 00f4 0000     		.short	0
 3147 00f6 0000     		.short	0
 3148 00f8 0000     		.short	0
 3149 00fa 0000     		.short	0
 3150 00fc 0000     		.short	0
 3151 00fe 0000     		.short	0
 3152 0100 0000     		.short	0
 3153 0102 0000     		.short	0
 3154 0104 0000     		.short	0
 3155 0106 0000     		.short	0
 3156 0108 0000     		.short	0
 3157 010a 1200     		.short	18
 3158 010c 0000     		.short	0
 3159 010e 0000     		.short	0
 3160 0110 1100     		.short	17
 3161 0112 0000     		.short	0
 3162 0114 0000     		.short	0
 3163 0116 0000     		.short	0
 3164 0118 0000     		.short	0
 3165 011a 0000     		.short	0
 3166 011c 0000     		.short	0
 3167 011e 0000     		.short	0
 3168              		.align	5
 3171              	cuadricula_C_ARM:
 3172 0120 1500     		.short	21
 3173 0122 0000     		.short	0
 3174 0124 0000     		.short	0
 3175 0126 1300     		.short	19
 3176 0128 0000     		.short	0
 3177 012a 0000     		.short	0
 3178 012c 0000     		.short	0
 3179 012e 0000     		.short	0
 3180 0130 0000     		.short	0
 3181 0132 0000     		.short	0
 3182 0134 0000     		.short	0
 3183 0136 0000     		.short	0
 3184 0138 0000     		.short	0
 3185 013a 0000     		.short	0
 3186 013c 0000     		.short	0
 3187 013e 0000     		.short	0
 3188 0140 0000     		.short	0
 3189 0142 0000     		.short	0
 3190 0144 0000     		.short	0
 3191 0146 0000     		.short	0
 3192 0148 1900     		.short	25
 3193 014a 0000     		.short	0
 3194 014c 0000     		.short	0
 3195 014e 0000     		.short	0
 3196 0150 1500     		.short	21
 3197 0152 0000     		.short	0
 3198 0154 0000     		.short	0
 3199 0156 0000     		.short	0
 3200 0158 0000     		.short	0
 3201 015a 0000     		.short	0
 3202 015c 0000     		.short	0
 3203 015e 0000     		.short	0
 3204 0160 0000     		.short	0
 3205 0162 1900     		.short	25
 3206 0164 1600     		.short	22
 3207 0166 1700     		.short	23
 3208 0168 0000     		.short	0
 3209 016a 1500     		.short	21
 3210 016c 0000     		.short	0
 3211 016e 1300     		.short	19
 3212 0170 0000     		.short	0
 3213 0172 0000     		.short	0
 3214 0174 0000     		.short	0
 3215 0176 0000     		.short	0
 3216 0178 0000     		.short	0
 3217 017a 0000     		.short	0
 3218 017c 0000     		.short	0
 3219 017e 0000     		.short	0
 3220 0180 0000     		.short	0
 3221 0182 1800     		.short	24
 3222 0184 0000     		.short	0
 3223 0186 1900     		.short	25
 3224 0188 0000     		.short	0
 3225 018a 0000     		.short	0
 3226 018c 1600     		.short	22
 3227 018e 0000     		.short	0
 3228 0190 0000     		.short	0
 3229 0192 0000     		.short	0
 3230 0194 0000     		.short	0
 3231 0196 0000     		.short	0
 3232 0198 0000     		.short	0
 3233 019a 0000     		.short	0
 3234 019c 0000     		.short	0
 3235 019e 0000     		.short	0
 3236 01a0 0000     		.short	0
 3237 01a2 0000     		.short	0
 3238 01a4 1500     		.short	21
 3239 01a6 1800     		.short	24
 3240 01a8 1600     		.short	22
 3241 01aa 1100     		.short	17
 3242 01ac 1400     		.short	20
 3243 01ae 0000     		.short	0
 3244 01b0 0000     		.short	0
 3245 01b2 0000     		.short	0
 3246 01b4 0000     		.short	0
 3247 01b6 0000     		.short	0
 3248 01b8 0000     		.short	0
 3249 01ba 0000     		.short	0
 3250 01bc 0000     		.short	0
 3251 01be 0000     		.short	0
 3252 01c0 0000     		.short	0
 3253 01c2 0000     		.short	0
 3254 01c4 1400     		.short	20
 3255 01c6 1200     		.short	18
 3256 01c8 0000     		.short	0
 3257 01ca 1300     		.short	19
 3258 01cc 0000     		.short	0
 3259 01ce 1700     		.short	23
 3260 01d0 0000     		.short	0
 3261 01d2 0000     		.short	0
 3262 01d4 0000     		.short	0
 3263 01d6 0000     		.short	0
 3264 01d8 0000     		.short	0
 3265 01da 0000     		.short	0
 3266 01dc 0000     		.short	0
 3267 01de 0000     		.short	0
 3268 01e0 0000     		.short	0
 3269 01e2 1700     		.short	23
 3270 01e4 0000     		.short	0
 3271 01e6 1500     		.short	21
 3272 01e8 0000     		.short	0
 3273 01ea 1900     		.short	25
 3274 01ec 1200     		.short	18
 3275 01ee 1600     		.short	22
 3276 01f0 0000     		.short	0
 3277 01f2 0000     		.short	0
 3278 01f4 0000     		.short	0
 3279 01f6 0000     		.short	0
 3280 01f8 0000     		.short	0
 3281 01fa 0000     		.short	0
 3282 01fc 0000     		.short	0
 3283 01fe 0000     		.short	0
 3284 0200 1600     		.short	22
 3285 0202 0000     		.short	0
 3286 0204 0000     		.short	0
 3287 0206 0000     		.short	0
 3288 0208 1800     		.short	24
 3289 020a 0000     		.short	0
 3290 020c 0000     		.short	0
 3291 020e 0000     		.short	0
 3292 0210 0000     		.short	0
 3293 0212 0000     		.short	0
 3294 0214 0000     		.short	0
 3295 0216 0000     		.short	0
 3296 0218 0000     		.short	0
 3297 021a 0000     		.short	0
 3298 021c 0000     		.short	0
 3299 021e 0000     		.short	0
 3300 0220 0000     		.short	0
 3301 0222 0000     		.short	0
 3302 0224 0000     		.short	0
 3303 0226 0000     		.short	0
 3304 0228 0000     		.short	0
 3305 022a 1200     		.short	18
 3306 022c 0000     		.short	0
 3307 022e 0000     		.short	0
 3308 0230 1100     		.short	17
 3309 0232 0000     		.short	0
 3310 0234 0000     		.short	0
 3311 0236 0000     		.short	0
 3312 0238 0000     		.short	0
 3313 023a 0000     		.short	0
 3314 023c 0000     		.short	0
 3315 023e 0000     		.short	0
 3316              		.align	5
 3319              	cuadricula_ARM_C:
 3320 0240 1500     		.short	21
 3321 0242 0000     		.short	0
 3322 0244 0000     		.short	0
 3323 0246 1300     		.short	19
 3324 0248 0000     		.short	0
 3325 024a 0000     		.short	0
 3326 024c 0000     		.short	0
 3327 024e 0000     		.short	0
 3328 0250 0000     		.short	0
 3329 0252 0000     		.short	0
 3330 0254 0000     		.short	0
 3331 0256 0000     		.short	0
 3332 0258 0000     		.short	0
 3333 025a 0000     		.short	0
 3334 025c 0000     		.short	0
 3335 025e 0000     		.short	0
 3336 0260 0000     		.short	0
 3337 0262 0000     		.short	0
 3338 0264 0000     		.short	0
 3339 0266 0000     		.short	0
 3340 0268 1900     		.short	25
 3341 026a 0000     		.short	0
 3342 026c 0000     		.short	0
 3343 026e 0000     		.short	0
 3344 0270 1500     		.short	21
 3345 0272 0000     		.short	0
 3346 0274 0000     		.short	0
 3347 0276 0000     		.short	0
 3348 0278 0000     		.short	0
 3349 027a 0000     		.short	0
 3350 027c 0000     		.short	0
 3351 027e 0000     		.short	0
 3352 0280 0000     		.short	0
 3353 0282 1900     		.short	25
 3354 0284 1600     		.short	22
 3355 0286 1700     		.short	23
 3356 0288 0000     		.short	0
 3357 028a 1500     		.short	21
 3358 028c 0000     		.short	0
 3359 028e 1300     		.short	19
 3360 0290 0000     		.short	0
 3361 0292 0000     		.short	0
 3362 0294 0000     		.short	0
 3363 0296 0000     		.short	0
 3364 0298 0000     		.short	0
 3365 029a 0000     		.short	0
 3366 029c 0000     		.short	0
 3367 029e 0000     		.short	0
 3368 02a0 0000     		.short	0
 3369 02a2 1800     		.short	24
 3370 02a4 0000     		.short	0
 3371 02a6 1900     		.short	25
 3372 02a8 0000     		.short	0
 3373 02aa 0000     		.short	0
 3374 02ac 1600     		.short	22
 3375 02ae 0000     		.short	0
 3376 02b0 0000     		.short	0
 3377 02b2 0000     		.short	0
 3378 02b4 0000     		.short	0
 3379 02b6 0000     		.short	0
 3380 02b8 0000     		.short	0
 3381 02ba 0000     		.short	0
 3382 02bc 0000     		.short	0
 3383 02be 0000     		.short	0
 3384 02c0 0000     		.short	0
 3385 02c2 0000     		.short	0
 3386 02c4 1500     		.short	21
 3387 02c6 1800     		.short	24
 3388 02c8 1600     		.short	22
 3389 02ca 1100     		.short	17
 3390 02cc 1400     		.short	20
 3391 02ce 0000     		.short	0
 3392 02d0 0000     		.short	0
 3393 02d2 0000     		.short	0
 3394 02d4 0000     		.short	0
 3395 02d6 0000     		.short	0
 3396 02d8 0000     		.short	0
 3397 02da 0000     		.short	0
 3398 02dc 0000     		.short	0
 3399 02de 0000     		.short	0
 3400 02e0 0000     		.short	0
 3401 02e2 0000     		.short	0
 3402 02e4 1400     		.short	20
 3403 02e6 1200     		.short	18
 3404 02e8 0000     		.short	0
 3405 02ea 1300     		.short	19
 3406 02ec 0000     		.short	0
 3407 02ee 1700     		.short	23
 3408 02f0 0000     		.short	0
 3409 02f2 0000     		.short	0
 3410 02f4 0000     		.short	0
 3411 02f6 0000     		.short	0
 3412 02f8 0000     		.short	0
 3413 02fa 0000     		.short	0
 3414 02fc 0000     		.short	0
 3415 02fe 0000     		.short	0
 3416 0300 0000     		.short	0
 3417 0302 1700     		.short	23
 3418 0304 0000     		.short	0
 3419 0306 1500     		.short	21
 3420 0308 0000     		.short	0
 3421 030a 1900     		.short	25
 3422 030c 1200     		.short	18
 3423 030e 1600     		.short	22
 3424 0310 0000     		.short	0
 3425 0312 0000     		.short	0
 3426 0314 0000     		.short	0
 3427 0316 0000     		.short	0
 3428 0318 0000     		.short	0
 3429 031a 0000     		.short	0
 3430 031c 0000     		.short	0
 3431 031e 0000     		.short	0
 3432 0320 1600     		.short	22
 3433 0322 0000     		.short	0
 3434 0324 0000     		.short	0
 3435 0326 0000     		.short	0
 3436 0328 1800     		.short	24
 3437 032a 0000     		.short	0
 3438 032c 0000     		.short	0
 3439 032e 0000     		.short	0
 3440 0330 0000     		.short	0
 3441 0332 0000     		.short	0
 3442 0334 0000     		.short	0
 3443 0336 0000     		.short	0
 3444 0338 0000     		.short	0
 3445 033a 0000     		.short	0
 3446 033c 0000     		.short	0
 3447 033e 0000     		.short	0
 3448 0340 0000     		.short	0
 3449 0342 0000     		.short	0
 3450 0344 0000     		.short	0
 3451 0346 0000     		.short	0
 3452 0348 0000     		.short	0
 3453 034a 1200     		.short	18
 3454 034c 0000     		.short	0
 3455 034e 0000     		.short	0
 3456 0350 1100     		.short	17
 3457 0352 0000     		.short	0
 3458 0354 0000     		.short	0
 3459 0356 0000     		.short	0
 3460 0358 0000     		.short	0
 3461 035a 0000     		.short	0
 3462 035c 0000     		.short	0
 3463 035e 0000     		.short	0
 3464              		.align	5
 3467              	cuadricula_ARM_ARM:
 3468 0360 1500     		.short	21
 3469 0362 0000     		.short	0
 3470 0364 0000     		.short	0
 3471 0366 1300     		.short	19
 3472 0368 0000     		.short	0
 3473 036a 0000     		.short	0
 3474 036c 0000     		.short	0
 3475 036e 0000     		.short	0
 3476 0370 0000     		.short	0
 3477 0372 0000     		.short	0
 3478 0374 0000     		.short	0
 3479 0376 0000     		.short	0
 3480 0378 0000     		.short	0
 3481 037a 0000     		.short	0
 3482 037c 0000     		.short	0
 3483 037e 0000     		.short	0
 3484 0380 0000     		.short	0
 3485 0382 0000     		.short	0
 3486 0384 0000     		.short	0
 3487 0386 0000     		.short	0
 3488 0388 1900     		.short	25
 3489 038a 0000     		.short	0
 3490 038c 0000     		.short	0
 3491 038e 0000     		.short	0
 3492 0390 1500     		.short	21
 3493 0392 0000     		.short	0
 3494 0394 0000     		.short	0
 3495 0396 0000     		.short	0
 3496 0398 0000     		.short	0
 3497 039a 0000     		.short	0
 3498 039c 0000     		.short	0
 3499 039e 0000     		.short	0
 3500 03a0 0000     		.short	0
 3501 03a2 1900     		.short	25
 3502 03a4 1600     		.short	22
 3503 03a6 1700     		.short	23
 3504 03a8 0000     		.short	0
 3505 03aa 1500     		.short	21
 3506 03ac 0000     		.short	0
 3507 03ae 1300     		.short	19
 3508 03b0 0000     		.short	0
 3509 03b2 0000     		.short	0
 3510 03b4 0000     		.short	0
 3511 03b6 0000     		.short	0
 3512 03b8 0000     		.short	0
 3513 03ba 0000     		.short	0
 3514 03bc 0000     		.short	0
 3515 03be 0000     		.short	0
 3516 03c0 0000     		.short	0
 3517 03c2 1800     		.short	24
 3518 03c4 0000     		.short	0
 3519 03c6 1900     		.short	25
 3520 03c8 0000     		.short	0
 3521 03ca 0000     		.short	0
 3522 03cc 1600     		.short	22
 3523 03ce 0000     		.short	0
 3524 03d0 0000     		.short	0
 3525 03d2 0000     		.short	0
 3526 03d4 0000     		.short	0
 3527 03d6 0000     		.short	0
 3528 03d8 0000     		.short	0
 3529 03da 0000     		.short	0
 3530 03dc 0000     		.short	0
 3531 03de 0000     		.short	0
 3532 03e0 0000     		.short	0
 3533 03e2 0000     		.short	0
 3534 03e4 1500     		.short	21
 3535 03e6 1800     		.short	24
 3536 03e8 1600     		.short	22
 3537 03ea 1100     		.short	17
 3538 03ec 1400     		.short	20
 3539 03ee 0000     		.short	0
 3540 03f0 0000     		.short	0
 3541 03f2 0000     		.short	0
 3542 03f4 0000     		.short	0
 3543 03f6 0000     		.short	0
 3544 03f8 0000     		.short	0
 3545 03fa 0000     		.short	0
 3546 03fc 0000     		.short	0
 3547 03fe 0000     		.short	0
 3548 0400 0000     		.short	0
 3549 0402 0000     		.short	0
 3550 0404 1400     		.short	20
 3551 0406 1200     		.short	18
 3552 0408 0000     		.short	0
 3553 040a 1300     		.short	19
 3554 040c 0000     		.short	0
 3555 040e 1700     		.short	23
 3556 0410 0000     		.short	0
 3557 0412 0000     		.short	0
 3558 0414 0000     		.short	0
 3559 0416 0000     		.short	0
 3560 0418 0000     		.short	0
 3561 041a 0000     		.short	0
 3562 041c 0000     		.short	0
 3563 041e 0000     		.short	0
 3564 0420 0000     		.short	0
 3565 0422 1700     		.short	23
 3566 0424 0000     		.short	0
 3567 0426 1500     		.short	21
 3568 0428 0000     		.short	0
 3569 042a 1900     		.short	25
 3570 042c 1200     		.short	18
 3571 042e 1600     		.short	22
 3572 0430 0000     		.short	0
 3573 0432 0000     		.short	0
 3574 0434 0000     		.short	0
 3575 0436 0000     		.short	0
 3576 0438 0000     		.short	0
 3577 043a 0000     		.short	0
 3578 043c 0000     		.short	0
 3579 043e 0000     		.short	0
 3580 0440 1600     		.short	22
 3581 0442 0000     		.short	0
 3582 0444 0000     		.short	0
 3583 0446 0000     		.short	0
 3584 0448 1800     		.short	24
 3585 044a 0000     		.short	0
 3586 044c 0000     		.short	0
 3587 044e 0000     		.short	0
 3588 0450 0000     		.short	0
 3589 0452 0000     		.short	0
 3590 0454 0000     		.short	0
 3591 0456 0000     		.short	0
 3592 0458 0000     		.short	0
 3593 045a 0000     		.short	0
 3594 045c 0000     		.short	0
 3595 045e 0000     		.short	0
 3596 0460 0000     		.short	0
 3597 0462 0000     		.short	0
 3598 0464 0000     		.short	0
 3599 0466 0000     		.short	0
 3600 0468 0000     		.short	0
 3601 046a 1200     		.short	18
 3602 046c 0000     		.short	0
 3603 046e 0000     		.short	0
 3604 0470 1100     		.short	17
 3605 0472 0000     		.short	0
 3606 0474 0000     		.short	0
 3607 0476 0000     		.short	0
 3608 0478 0000     		.short	0
 3609 047a 0000     		.short	0
 3610 047c 0000     		.short	0
 3611 047e 0000     		.short	0
 3612              		.section	.rodata
 3613              		.align	5
 3616              	cuadricula_Respaldo:
 3617 0000 1500     		.short	21
 3618 0002 0000     		.short	0
 3619 0004 0000     		.short	0
 3620 0006 1300     		.short	19
 3621 0008 0000     		.short	0
 3622 000a 0000     		.short	0
 3623 000c 0000     		.short	0
 3624 000e 0000     		.short	0
 3625 0010 0000     		.short	0
 3626 0012 0000     		.short	0
 3627 0014 0000     		.short	0
 3628 0016 0000     		.short	0
 3629 0018 0000     		.short	0
 3630 001a 0000     		.short	0
 3631 001c 0000     		.short	0
 3632 001e 0000     		.short	0
 3633 0020 0000     		.short	0
 3634 0022 0000     		.short	0
 3635 0024 0000     		.short	0
 3636 0026 0000     		.short	0
 3637 0028 1900     		.short	25
 3638 002a 0000     		.short	0
 3639 002c 0000     		.short	0
 3640 002e 0000     		.short	0
 3641 0030 1500     		.short	21
 3642 0032 0000     		.short	0
 3643 0034 0000     		.short	0
 3644 0036 0000     		.short	0
 3645 0038 0000     		.short	0
 3646 003a 0000     		.short	0
 3647 003c 0000     		.short	0
 3648 003e 0000     		.short	0
 3649 0040 0000     		.short	0
 3650 0042 1900     		.short	25
 3651 0044 1600     		.short	22
 3652 0046 1700     		.short	23
 3653 0048 0000     		.short	0
 3654 004a 1500     		.short	21
 3655 004c 0000     		.short	0
 3656 004e 1300     		.short	19
 3657 0050 0000     		.short	0
 3658 0052 0000     		.short	0
 3659 0054 0000     		.short	0
 3660 0056 0000     		.short	0
 3661 0058 0000     		.short	0
 3662 005a 0000     		.short	0
 3663 005c 0000     		.short	0
 3664 005e 0000     		.short	0
 3665 0060 0000     		.short	0
 3666 0062 1800     		.short	24
 3667 0064 0000     		.short	0
 3668 0066 1900     		.short	25
 3669 0068 0000     		.short	0
 3670 006a 0000     		.short	0
 3671 006c 1600     		.short	22
 3672 006e 0000     		.short	0
 3673 0070 0000     		.short	0
 3674 0072 0000     		.short	0
 3675 0074 0000     		.short	0
 3676 0076 0000     		.short	0
 3677 0078 0000     		.short	0
 3678 007a 0000     		.short	0
 3679 007c 0000     		.short	0
 3680 007e 0000     		.short	0
 3681 0080 0000     		.short	0
 3682 0082 0000     		.short	0
 3683 0084 1500     		.short	21
 3684 0086 1800     		.short	24
 3685 0088 1600     		.short	22
 3686 008a 1100     		.short	17
 3687 008c 1400     		.short	20
 3688 008e 0000     		.short	0
 3689 0090 0000     		.short	0
 3690 0092 0000     		.short	0
 3691 0094 0000     		.short	0
 3692 0096 0000     		.short	0
 3693 0098 0000     		.short	0
 3694 009a 0000     		.short	0
 3695 009c 0000     		.short	0
 3696 009e 0000     		.short	0
 3697 00a0 0000     		.short	0
 3698 00a2 0000     		.short	0
 3699 00a4 1400     		.short	20
 3700 00a6 1200     		.short	18
 3701 00a8 0000     		.short	0
 3702 00aa 1300     		.short	19
 3703 00ac 0000     		.short	0
 3704 00ae 1700     		.short	23
 3705 00b0 0000     		.short	0
 3706 00b2 0000     		.short	0
 3707 00b4 0000     		.short	0
 3708 00b6 0000     		.short	0
 3709 00b8 0000     		.short	0
 3710 00ba 0000     		.short	0
 3711 00bc 0000     		.short	0
 3712 00be 0000     		.short	0
 3713 00c0 0000     		.short	0
 3714 00c2 1700     		.short	23
 3715 00c4 0000     		.short	0
 3716 00c6 1500     		.short	21
 3717 00c8 0000     		.short	0
 3718 00ca 1900     		.short	25
 3719 00cc 1200     		.short	18
 3720 00ce 1600     		.short	22
 3721 00d0 0000     		.short	0
 3722 00d2 0000     		.short	0
 3723 00d4 0000     		.short	0
 3724 00d6 0000     		.short	0
 3725 00d8 0000     		.short	0
 3726 00da 0000     		.short	0
 3727 00dc 0000     		.short	0
 3728 00de 0000     		.short	0
 3729 00e0 1600     		.short	22
 3730 00e2 0000     		.short	0
 3731 00e4 0000     		.short	0
 3732 00e6 0000     		.short	0
 3733 00e8 1800     		.short	24
 3734 00ea 0000     		.short	0
 3735 00ec 0000     		.short	0
 3736 00ee 0000     		.short	0
 3737 00f0 0000     		.short	0
 3738 00f2 0000     		.short	0
 3739 00f4 0000     		.short	0
 3740 00f6 0000     		.short	0
 3741 00f8 0000     		.short	0
 3742 00fa 0000     		.short	0
 3743 00fc 0000     		.short	0
 3744 00fe 0000     		.short	0
 3745 0100 0000     		.short	0
 3746 0102 0000     		.short	0
 3747 0104 0000     		.short	0
 3748 0106 0000     		.short	0
 3749 0108 0000     		.short	0
 3750 010a 1200     		.short	18
 3751 010c 0000     		.short	0
 3752 010e 0000     		.short	0
 3753 0110 1100     		.short	17
 3754 0112 0000     		.short	0
 3755 0114 0000     		.short	0
 3756 0116 0000     		.short	0
 3757 0118 0000     		.short	0
 3758 011a 0000     		.short	0
 3759 011c 0000     		.short	0
 3760 011e 0000     		.short	0
 3761              		.data
 3762              		.align	5
 3765              	cuadricula_ARM_ARM_ALL:
 3766 0480 1500     		.short	21
 3767 0482 0000     		.short	0
 3768 0484 0000     		.short	0
 3769 0486 1300     		.short	19
 3770 0488 0000     		.short	0
 3771 048a 0000     		.short	0
 3772 048c 0000     		.short	0
 3773 048e 0000     		.short	0
 3774 0490 0000     		.short	0
 3775 0492 0000     		.short	0
 3776 0494 0000     		.short	0
 3777 0496 0000     		.short	0
 3778 0498 0000     		.short	0
 3779 049a 0000     		.short	0
 3780 049c 0000     		.short	0
 3781 049e 0000     		.short	0
 3782 04a0 0000     		.short	0
 3783 04a2 0000     		.short	0
 3784 04a4 0000     		.short	0
 3785 04a6 0000     		.short	0
 3786 04a8 1900     		.short	25
 3787 04aa 0000     		.short	0
 3788 04ac 0000     		.short	0
 3789 04ae 0000     		.short	0
 3790 04b0 1500     		.short	21
 3791 04b2 0000     		.short	0
 3792 04b4 0000     		.short	0
 3793 04b6 0000     		.short	0
 3794 04b8 0000     		.short	0
 3795 04ba 0000     		.short	0
 3796 04bc 0000     		.short	0
 3797 04be 0000     		.short	0
 3798 04c0 0000     		.short	0
 3799 04c2 1900     		.short	25
 3800 04c4 1600     		.short	22
 3801 04c6 1700     		.short	23
 3802 04c8 0000     		.short	0
 3803 04ca 1500     		.short	21
 3804 04cc 0000     		.short	0
 3805 04ce 1300     		.short	19
 3806 04d0 0000     		.short	0
 3807 04d2 0000     		.short	0
 3808 04d4 0000     		.short	0
 3809 04d6 0000     		.short	0
 3810 04d8 0000     		.short	0
 3811 04da 0000     		.short	0
 3812 04dc 0000     		.short	0
 3813 04de 0000     		.short	0
 3814 04e0 0000     		.short	0
 3815 04e2 1800     		.short	24
 3816 04e4 0000     		.short	0
 3817 04e6 1900     		.short	25
 3818 04e8 0000     		.short	0
 3819 04ea 0000     		.short	0
 3820 04ec 1600     		.short	22
 3821 04ee 0000     		.short	0
 3822 04f0 0000     		.short	0
 3823 04f2 0000     		.short	0
 3824 04f4 0000     		.short	0
 3825 04f6 0000     		.short	0
 3826 04f8 0000     		.short	0
 3827 04fa 0000     		.short	0
 3828 04fc 0000     		.short	0
 3829 04fe 0000     		.short	0
 3830 0500 0000     		.short	0
 3831 0502 0000     		.short	0
 3832 0504 1500     		.short	21
 3833 0506 1800     		.short	24
 3834 0508 1600     		.short	22
 3835 050a 1100     		.short	17
 3836 050c 1400     		.short	20
 3837 050e 0000     		.short	0
 3838 0510 0000     		.short	0
 3839 0512 0000     		.short	0
 3840 0514 0000     		.short	0
 3841 0516 0000     		.short	0
 3842 0518 0000     		.short	0
 3843 051a 0000     		.short	0
 3844 051c 0000     		.short	0
 3845 051e 0000     		.short	0
 3846 0520 0000     		.short	0
 3847 0522 0000     		.short	0
 3848 0524 1400     		.short	20
 3849 0526 1200     		.short	18
 3850 0528 0000     		.short	0
 3851 052a 1300     		.short	19
 3852 052c 0000     		.short	0
 3853 052e 1700     		.short	23
 3854 0530 0000     		.short	0
 3855 0532 0000     		.short	0
 3856 0534 0000     		.short	0
 3857 0536 0000     		.short	0
 3858 0538 0000     		.short	0
 3859 053a 0000     		.short	0
 3860 053c 0000     		.short	0
 3861 053e 0000     		.short	0
 3862 0540 0000     		.short	0
 3863 0542 1700     		.short	23
 3864 0544 0000     		.short	0
 3865 0546 1500     		.short	21
 3866 0548 0000     		.short	0
 3867 054a 1900     		.short	25
 3868 054c 1200     		.short	18
 3869 054e 1600     		.short	22
 3870 0550 0000     		.short	0
 3871 0552 0000     		.short	0
 3872 0554 0000     		.short	0
 3873 0556 0000     		.short	0
 3874 0558 0000     		.short	0
 3875 055a 0000     		.short	0
 3876 055c 0000     		.short	0
 3877 055e 0000     		.short	0
 3878 0560 1600     		.short	22
 3879 0562 0000     		.short	0
 3880 0564 0000     		.short	0
 3881 0566 0000     		.short	0
 3882 0568 1800     		.short	24
 3883 056a 0000     		.short	0
 3884 056c 0000     		.short	0
 3885 056e 0000     		.short	0
 3886 0570 0000     		.short	0
 3887 0572 0000     		.short	0
 3888 0574 0000     		.short	0
 3889 0576 0000     		.short	0
 3890 0578 0000     		.short	0
 3891 057a 0000     		.short	0
 3892 057c 0000     		.short	0
 3893 057e 0000     		.short	0
 3894 0580 0000     		.short	0
 3895 0582 0000     		.short	0
 3896 0584 0000     		.short	0
 3897 0586 0000     		.short	0
 3898 0588 0000     		.short	0
 3899 058a 1200     		.short	18
 3900 058c 0000     		.short	0
 3901 058e 0000     		.short	0
 3902 0590 1100     		.short	17
 3903 0592 0000     		.short	0
 3904 0594 0000     		.short	0
 3905 0596 0000     		.short	0
 3906 0598 0000     		.short	0
 3907 059a 0000     		.short	0
 3908 059c 0000     		.short	0
 3909 059e 0000     		.short	0
 3910              		.align	5
 3913              	solucion:
 3914 05a0 159A     		.short	-26091
 3915 05a2 00FA     		.short	-1536
 3916 05a4 009E     		.short	-25088
 3917 05a6 13EB     		.short	-5357
 3918 05a8 00FA     		.short	-1536
 3919 05aa 80AB     		.short	-21632
 3920 05ac 001F     		.short	7936
 3921 05ae 003A     		.short	14848
 3922 05b0 800A     		.short	2688
 3923 05b2 0000     		.short	0
 3924 05b4 0000     		.short	0
 3925 05b6 0000     		.short	0
 3926 05b8 0000     		.short	0
 3927 05ba 0000     		.short	0
 3928 05bc 0000     		.short	0
 3929 05be 0000     		.short	0
 3930 05c0 0098     		.short	-26624
 3931 05c2 00F8     		.short	-2048
 3932 05c4 009C     		.short	-25600
 3933 05c6 00EB     		.short	-5376
 3934 05c8 19FA     		.short	-1511
 3935 05ca 80AB     		.short	-21632
 3936 05cc 009F     		.short	-24832
 3937 05ce 00BA     		.short	-17920
 3938 05d0 958A     		.short	-30059
 3939 05d2 0000     		.short	0
 3940 05d4 0000     		.short	0
 3941 05d6 0000     		.short	0
 3942 05d8 0000     		.short	0
 3943 05da 0000     		.short	0
 3944 05dc 0000     		.short	0
 3945 05de 0000     		.short	0
 3946 05e0 00BA     		.short	-17920
 3947 05e2 19FA     		.short	-1511
 3948 05e4 16BE     		.short	-16874
 3949 05e6 17FB     		.short	-1257
 3950 05e8 00FA     		.short	-1536
 3951 05ea 95BB     		.short	-17515
 3952 05ec 00BF     		.short	-16640
 3953 05ee 13BA     		.short	-17901
 3954 05f0 80BA     		.short	-17792
 3955 05f2 0000     		.short	0
 3956 05f4 0000     		.short	0
 3957 05f6 0000     		.short	0
 3958 05f8 0000     		.short	0
 3959 05fa 0000     		.short	0
 3960 05fc 0000     		.short	0
 3961 05fe 0000     		.short	0
 3962 0600 00DC     		.short	-9216
 3963 0602 18FC     		.short	-1000
 3964 0604 00DC     		.short	-9216
 3965 0606 99FB     		.short	-1127
 3966 0608 80D3     		.short	-11392
 3967 060a 80DB     		.short	-9344
 3968 060c 16F5     		.short	-2794
 3969 060e 00F6     		.short	-2560
 3970 0610 80FC     		.short	-896
 3971 0612 0000     		.short	0
 3972 0614 0000     		.short	0
 3973 0616 0000     		.short	0
 3974 0618 0000     		.short	0
 3975 061a 0000     		.short	0
 3976 061c 0000     		.short	0
 3977 061e 0000     		.short	0
 3978 0620 805C     		.short	23680
 3979 0622 80FC     		.short	-896
 3980 0624 955C     		.short	23701
 3981 0626 98FF     		.short	-104
 3982 0628 96DF     		.short	-8298
 3983 062a 91DF     		.short	-8303
 3984 062c 947D     		.short	32148
 3985 062e 807E     		.short	32384
 3986 0630 807C     		.short	31872
 3987 0632 0000     		.short	0
 3988 0634 0000     		.short	0
 3989 0636 0000     		.short	0
 3990 0638 0000     		.short	0
 3991 063a 0000     		.short	0
 3992 063c 0000     		.short	0
 3993 063e 0000     		.short	0
 3994 0640 007F     		.short	32512
 3995 0642 00EF     		.short	-4352
 3996 0644 147F     		.short	32532
 3997 0646 92FF     		.short	-110
 3998 0648 80F7     		.short	-2176
 3999 064a 93FF     		.short	-109
 4000 064c 0037     		.short	14080
 4001 064e 1737     		.short	14103
 4002 0650 803F     		.short	16256
 4003 0652 0000     		.short	0
 4004 0654 0000     		.short	0
 4005 0656 0000     		.short	0
 4006 0658 0000     		.short	0
 4007 065a 0000     		.short	0
 4008 065c 0000     		.short	0
 4009 065e 0000     		.short	0
 4010 0660 00B9     		.short	-18176
 4011 0662 17F9     		.short	-1769
 4012 0664 00BD     		.short	-17152
 4013 0666 15FB     		.short	-1259
 4014 0668 00F9     		.short	-1792
 4015 066a 99FB     		.short	-1127
 4016 066c 92BD     		.short	-17006
 4017 066e 96BB     		.short	-17514
 4018 0670 80B9     		.short	-18048
 4019 0672 0000     		.short	0
 4020 0674 0000     		.short	0
 4021 0676 0000     		.short	0
 4022 0678 0000     		.short	0
 4023 067a 0000     		.short	0
 4024 067c 0000     		.short	0
 4025 067e 0000     		.short	0
 4026 0680 1678     		.short	30742
 4027 0682 00F0     		.short	-4096
 4028 0684 007C     		.short	31744
 4029 0686 00FB     		.short	-1280
 4030 0688 18D9     		.short	-9960
 4031 068a 80DB     		.short	-9344
 4032 068c 8055     		.short	21888
 4033 068e 8073     		.short	29568
 4034 0690 8059     		.short	22912
 4035 0692 0000     		.short	0
 4036 0694 0000     		.short	0
 4037 0696 0000     		.short	0
 4038 0698 0000     		.short	0
 4039 069a 0000     		.short	0
 4040 069c 0000     		.short	0
 4041 069e 0000     		.short	0
 4042 06a0 8039     		.short	14720
 4043 06a2 80F1     		.short	-3712
 4044 06a4 803D     		.short	15744
 4045 06a6 80EB     		.short	-5248
 4046 06a8 80D9     		.short	-9856
 4047 06aa 92CB     		.short	-13422
 4048 06ac 8015     		.short	5504
 4049 06ae 8033     		.short	13184
 4050 06b0 9119     		.short	6545
 4051 06b2 0000     		.short	0
 4052 06b4 0000     		.short	0
 4053 06b6 0000     		.short	0
 4054 06b8 0000     		.short	0
 4055 06ba 0000     		.short	0
 4056 06bc 0000     		.short	0
 4057 06be 0000     		.short	0
 4058              		.global	cuadricula
 4059              		.align	2
 4062              	cuadricula:
 4063 06c0 60030000 		.word	cuadricula_ARM_ARM
 4064              		.global	celdas_vacias
 4065 06c4 00000000 		.bss
 4065      00000000 
 4065      00000000 
 4065      00000000 
 4065      00000000 
 4066              		.align	2
 4069              	celdas_vacias:
 4070 0000 00000000 		.space	4
 4071              		.text
 4072              		.align	2
 4073              		.global	Main
 4075              	Main:
 4076              	.LFB7:
   1:../main.c     **** /*********************************************************************************************
   2:../main.c     **** * File	main.c
   3:../main.c     **** * Author: embest
   4:../main.c     **** * Description: main entry
   5:../main.c     **** * History:	
   6:../main.c     **** * - Código original de touchscreen y LCD
   7:../main.c     **** * - Código integrado de Sudoku desde main_sudoku.c
   8:../main.c     **** *********************************************************************************************/
   9:../main.c     **** 
  10:../main.c     **** /*--- include files ---*/
  11:../main.c     **** #include "44blib.h"
  12:../main.c     **** #include "44b.h"
  13:../main.c     **** #include "tp.h"
  14:../main.c     **** 
  15:../main.c     **** /* Includes del Sudoku */
  16:../main.c     **** #include "8led.h"
  17:../main.c     **** #include "button.h"
  18:../main.c     **** #include "led.h"
  19:../main.c     **** #include "timer1.h"
  20:../main.c     **** #include "timer2.h"
  21:../main.c     **** #include "timer3.h"
  22:../main.c     **** #include "cola.h"
  23:../main.c     **** #include "sudoku_2025.h"
  24:../main.c     **** #include "lcd.h"
  25:../main.c     **** 
  26:../main.c     **** /*--- variables globales ---*/
  27:../main.c     **** char yn;
  28:../main.c     **** 
  29:../main.c     **** /* Variables globales del Sudoku */
  30:../main.c     **** #include "tableros.h"
  31:../main.c     **** 
  32:../main.c     **** /* Apuntar a una de las cuadrículas disponibles */
  33:../main.c     **** CELDA (*cuadricula)[NUM_COLUMNAS] = cuadricula_ARM_ARM; // CAMBIAR SEGUN LA VERSIÓN A PROBAR
  34:../main.c     **** int celdas_vacias = 0;
  35:../main.c     **** 
  36:../main.c     **** /*--- function declare ---*/
  37:../main.c     **** void Main(void);
  38:../main.c     **** 
  39:../main.c     **** /*--- extern function ---*/
  40:../main.c     **** extern void Lcd_Test();
  41:../main.c     **** 
  42:../main.c     **** /*--- function code ---*/
  43:../main.c     **** /*********************************************************************************************
  44:../main.c     **** * name:		Main
  45:../main.c     **** * func:		c code entry - VERSIÓN INTEGRADA: Touchscreen + Sudoku
  46:../main.c     **** * para:		none
  47:../main.c     **** * ret:		none
  48:../main.c     **** * modify:
  49:../main.c     **** * comment:	Descomenta el bloque que quieras ejecutar (TOUCHSCREEN o SUDOKU)
  50:../main.c     **** *********************************************************************************************/
  51:../main.c     **** void Main(void)
  52:../main.c     **** {
 4077              		.loc 1 52 0
 4078              		.cfi_startproc
 4079              		@ Function supports interworking.
 4080              		@ args = 0, pretend = 0, frame = 24
 4081              		@ frame_needed = 1, uses_anonymous_args = 0
 4082 0000 0DC0A0E1 		mov	ip, sp
 4083              	.LCFI0:
 4084              		.cfi_def_cfa_register 12
 4085 0004 00D82DE9 		stmfd	sp!, {fp, ip, lr, pc}
 4086 0008 04B04CE2 		sub	fp, ip, #4
 4087              		.cfi_offset 14, -8
 4088              		.cfi_offset 13, -12
 4089              		.cfi_offset 11, -16
 4090              	.LCFI1:
 4091              		.cfi_def_cfa 11, 4
 4092 000c 18D04DE2 		sub	sp, sp, #24
  53:../main.c     ****     sys_init();        /* Initial 44B0X's Interrupt, Port and UART */
 4093              		.loc 1 53 0
 4094 0010 FEFFFFEB 		bl	sys_init
  54:../main.c     ****     //_Link();           /* Print Misc info */
  55:../main.c     ****     
  56:../main.c     ****     /* ======================================================================
  57:../main.c     ****      * OPCIÓN 1: CÓDIGO TOUCHSCREEN Y LCD (ORIGINAL)
  58:../main.c     ****      * Descomenta este bloque para ejecutar el código del touchscreen
  59:../main.c     ****      * ====================================================================== */
  60:../main.c     ****     /*
  61:../main.c     ****     // Test de calibración con dos números
  62:../main.c     ****     ts_test_numeros();
  63:../main.c     ****     */
  64:../main.c     ****     
  65:../main.c     ****     /*
  66:../main.c     ****     Lcd_Test();
  67:../main.c     ****     TS_Test();
  68:../main.c     ****     
  69:../main.c     ****     while(1)
  70:../main.c     ****     {
  71:../main.c     ****        //yn = Uart_Getch();
  72:../main.c     ****        
  73:../main.c     ****        //if(yn == 0x52) TS_Test();// R to reset the XY REC
  74:../main.c     ****        //else break;
  75:../main.c     ****     }
  76:../main.c     ****     
  77:../main.c     ****     TS_close();
  78:../main.c     ****     */
  79:../main.c     ****     
  80:../main.c     ****     /* ======================================================================
  81:../main.c     ****      * OPCIÓN 2: CÓDIGO SUDOKU (desde main_sudoku.c)
  82:../main.c     ****      * Este bloque está activo por defecto
  83:../main.c     ****      * ====================================================================== */
  84:../main.c     ****     
  85:../main.c     ****     /* Variables para observar la cola durante la depuración */
  86:../main.c     ****     ColaDebug* p_cola;              // Puntador a la estructura completa de la cola
  87:../main.c     ****     
  88:../main.c     ****     /* Inicializa controladores del Sudoku */
  89:../main.c     ****     timer2_init();      // Inicializacion del timer2 para medicion de tiempo
 4095              		.loc 1 89 0
 4096 0014 FEFFFFEB 		bl	timer2_init
  90:../main.c     ****     timer1_init();      // Inicializacion del timer1 para latido (heartbeat) - Paso 6
 4097              		.loc 1 90 0
 4098 0018 FEFFFFEB 		bl	timer1_init
  91:../main.c     ****     cola_init();        // Inicializacion de la cola de depuracion (Paso 4)
 4099              		.loc 1 91 0
 4100 001c FEFFFFEB 		bl	cola_init
  92:../main.c     ****     Eint4567_init();    // inicializamos los pulsadores. Cada vez que se pulse se verá reflejado e
 4101              		.loc 1 92 0
 4102 0020 FEFFFFEB 		bl	Eint4567_init
  93:../main.c     ****     D8Led_init();       // inicializamos el 8led
 4103              		.loc 1 93 0
 4104 0024 FEFFFFEB 		bl	D8Led_init
  94:../main.c     **** 
  95:../main.c     ****     /* Inicializar LCD y mostrar pantalla inicial */
  96:../main.c     ****     Lcd_Init();
 4105              		.loc 1 96 0
 4106 0028 FEFFFFEB 		bl	Lcd_Init
  97:../main.c     ****     TS_init();
 4107              		.loc 1 97 0
 4108 002c FEFFFFEB 		bl	TS_init
  98:../main.c     ****     
  99:../main.c     ****     /* Calibrar touchscreen */
 100:../main.c     ****     ts_calibrate_5pt(SCR_XSIZE, SCR_YSIZE, 30);
 4109              		.loc 1 100 0
 4110 0030 050DA0E3 		mov	r0, #320
 4111 0034 F010A0E3 		mov	r1, #240
 4112 0038 1E20A0E3 		mov	r2, #30
 4113 003c FEFFFFEB 		bl	ts_calibrate_5pt
 101:../main.c     ****     
 102:../main.c     ****     Sudoku_Pantalla_Inicial();
 4114              		.loc 1 102 0
 4115 0040 FEFFFFEB 		bl	Sudoku_Pantalla_Inicial
 103:../main.c     **** 
 104:../main.c     ****     /* Valor inicial de los leds */
 105:../main.c     ****     leds_off();
 4116              		.loc 1 105 0
 4117 0044 FEFFFFEB 		bl	leds_off
 106:../main.c     ****     
 107:../main.c     ****     /* Apuntar a la cola para poder observarla en el depurador */
 108:../main.c     ****     p_cola = cola_global;
 4118              		.loc 1 108 0
 4119 0048 B0309FE5 		ldr	r3, .L7
 4120 004c 003093E5 		ldr	r3, [r3, #0]
 4121 0050 14300BE5 		str	r3, [fp, #-20]
 109:../main.c     ****     
 110:../main.c     ****     /* Variable para controlar actualización del tiempo */
 111:../main.c     ****     unsigned int tiempo_anterior = 0;
 4122              		.loc 1 111 0
 4123 0054 0030A0E3 		mov	r3, #0
 4124 0058 10300BE5 		str	r3, [fp, #-16]
 112:../main.c     ****     unsigned int tiempo_actual = 0;
 4125              		.loc 1 112 0
 4126 005c 0030A0E3 		mov	r3, #0
 4127 0060 18300BE5 		str	r3, [fp, #-24]
 4128 0064 000000EA 		b	.L5
 4129              	.L6:
 113:../main.c     ****     
 114:../main.c     ****     /* Variables para touchscreen */
 115:../main.c     ****     int touch_x, touch_y;
 116:../main.c     ****     
 117:../main.c     ****     /* Bucle principal */
 118:../main.c     ****     while (1)
 119:../main.c     ****     {
 120:../main.c     ****         /* El latido (LED2 parpadeando) se gestiona automáticamente por timer1 */
 121:../main.c     ****         /* El programa está vivo mientras el LED2 parpadee a 6 Hz */
 122:../main.c     ****         
 123:../main.c     ****         /* Comprobar si hay toque en la pantalla */
 124:../main.c     ****         if (ts_read_calibrated(&touch_x, &touch_y) == 0)
 125:../main.c     ****         {
 126:../main.c     ****             /* Procesar toque en el Sudoku */
 127:../main.c     ****             Sudoku_Procesar_Touch(touch_x, touch_y);
 128:../main.c     ****             Delay(30);  // Evitar múltiples detecciones
 129:../main.c     ****         }
 130:../main.c     ****         
 131:../main.c     ****         /* Actualizar el tiempo en pantalla cada segundo */
 132:../main.c     ****         tiempo_actual = timer2_count();
 133:../main.c     ****         
 134:../main.c     ****         /* Actualizar cada 1 segundo (1000000 microsegundos) */
 135:../main.c     ****         if ((tiempo_actual - tiempo_anterior) >= 1000000)
 136:../main.c     ****         {
 137:../main.c     ****             /* Solo actualizar si el juego está en progreso (no en pantalla inicial ni terminado) 
 138:../main.c     ****             if (Sudoku_Juego_En_Progreso())
 139:../main.c     ****             {
 140:../main.c     ****                 /* Calcular tiempo transcurrido desde el inicio de la partida */
 141:../main.c     ****                 unsigned int tiempo_transcurrido = tiempo_actual - Sudoku_Obtener_Tiempo_Inicio();
 142:../main.c     ****                 Sudoku_Actualizar_Tiempo(tiempo_transcurrido);
 143:../main.c     ****             }
 144:../main.c     ****             tiempo_anterior = tiempo_actual;
 145:../main.c     ****         }
 146:../main.c     ****     }
 4130              		.loc 1 146 0
 4131 0068 0000A0E1 		mov	r0, r0	@ nop
 4132              	.L5:
 124:../main.c     ****         if (ts_read_calibrated(&touch_x, &touch_y) == 0)
 4133              		.loc 1 124 0
 4134 006c 20204BE2 		sub	r2, fp, #32
 4135 0070 24304BE2 		sub	r3, fp, #36
 4136 0074 0200A0E1 		mov	r0, r2
 4137 0078 0310A0E1 		mov	r1, r3
 4138 007c FEFFFFEB 		bl	ts_read_calibrated
 4139 0080 0030A0E1 		mov	r3, r0
 4140 0084 000053E3 		cmp	r3, #0
 4141 0088 0600001A 		bne	.L2
 127:../main.c     ****             Sudoku_Procesar_Touch(touch_x, touch_y);
 4142              		.loc 1 127 0
 4143 008c 20201BE5 		ldr	r2, [fp, #-32]
 4144 0090 24301BE5 		ldr	r3, [fp, #-36]
 4145 0094 0200A0E1 		mov	r0, r2
 4146 0098 0310A0E1 		mov	r1, r3
 4147 009c FEFFFFEB 		bl	Sudoku_Procesar_Touch
 128:../main.c     ****             Delay(30);  // Evitar múltiples detecciones
 4148              		.loc 1 128 0
 4149 00a0 1E00A0E3 		mov	r0, #30
 4150 00a4 FEFFFFEB 		bl	Delay
 4151              	.L2:
 132:../main.c     ****         tiempo_actual = timer2_count();
 4152              		.loc 1 132 0
 4153 00a8 FEFFFFEB 		bl	timer2_count
 4154 00ac 18000BE5 		str	r0, [fp, #-24]
 135:../main.c     ****         if ((tiempo_actual - tiempo_anterior) >= 1000000)
 4155              		.loc 1 135 0
 4156 00b0 18201BE5 		ldr	r2, [fp, #-24]
 4157 00b4 10301BE5 		ldr	r3, [fp, #-16]
 4158 00b8 022063E0 		rsb	r2, r3, r2
 4159 00bc 40309FE5 		ldr	r3, .L7+4
 4160 00c0 030052E1 		cmp	r2, r3
 4161 00c4 E7FFFF9A 		bls	.L6
 138:../main.c     ****             if (Sudoku_Juego_En_Progreso())
 4162              		.loc 1 138 0
 4163 00c8 FEFFFFEB 		bl	Sudoku_Juego_En_Progreso
 4164 00cc 0030A0E1 		mov	r3, r0
 4165 00d0 000053E3 		cmp	r3, #0
 4166 00d4 0600000A 		beq	.L4
 4167              	.LBB2:
 141:../main.c     ****                 unsigned int tiempo_transcurrido = tiempo_actual - Sudoku_Obtener_Tiempo_Inicio();
 4168              		.loc 1 141 0
 4169 00d8 FEFFFFEB 		bl	Sudoku_Obtener_Tiempo_Inicio
 4170 00dc 0030A0E1 		mov	r3, r0
 4171 00e0 18201BE5 		ldr	r2, [fp, #-24]
 4172 00e4 023063E0 		rsb	r3, r3, r2
 4173 00e8 1C300BE5 		str	r3, [fp, #-28]
 142:../main.c     ****                 Sudoku_Actualizar_Tiempo(tiempo_transcurrido);
 4174              		.loc 1 142 0
 4175 00ec 1C001BE5 		ldr	r0, [fp, #-28]
 4176 00f0 FEFFFFEB 		bl	Sudoku_Actualizar_Tiempo
 4177              	.L4:
 4178              	.LBE2:
 144:../main.c     ****             tiempo_anterior = tiempo_actual;
 4179              		.loc 1 144 0
 4180 00f4 18301BE5 		ldr	r3, [fp, #-24]
 4181 00f8 10300BE5 		str	r3, [fp, #-16]
 4182              		.loc 1 146 0
 4183 00fc DAFFFFEA 		b	.L5
 4184              	.L8:
 4185              		.align	2
 4186              	.L7:
 4187 0100 00000000 		.word	cola_global
 4188 0104 3F420F00 		.word	999999
 4189              		.cfi_endproc
 4190              	.LFE7:
 4192              	.Letext0:
DEFINED SYMBOLS
                            *ABS*:00000000 main.c
                            *COM*:00000004 CheckTSP
                            *COM*:00000004 oneTouch
                            *COM*:00000004 Vx
                            *COM*:00000004 Vy
                            *COM*:00000004 Xmax
                            *COM*:00000004 Ymax
                            *COM*:00000004 Xmin
                            *COM*:00000004 Ymin
                            *COM*:00000001 yn
C:\Users\jaime\AppData\Local\Temp\ccTgFU2l.s:3020   .data:00000000 $d
C:\Users\jaime\AppData\Local\Temp\ccTgFU2l.s:3023   .data:00000000 cuadricula_C_C
C:\Users\jaime\AppData\Local\Temp\ccTgFU2l.s:3171   .data:00000120 cuadricula_C_ARM
C:\Users\jaime\AppData\Local\Temp\ccTgFU2l.s:3319   .data:00000240 cuadricula_ARM_C
C:\Users\jaime\AppData\Local\Temp\ccTgFU2l.s:3467   .data:00000360 cuadricula_ARM_ARM
C:\Users\jaime\AppData\Local\Temp\ccTgFU2l.s:3613   .rodata:00000000 $d
C:\Users\jaime\AppData\Local\Temp\ccTgFU2l.s:3616   .rodata:00000000 cuadricula_Respaldo
C:\Users\jaime\AppData\Local\Temp\ccTgFU2l.s:3765   .data:00000480 cuadricula_ARM_ARM_ALL
C:\Users\jaime\AppData\Local\Temp\ccTgFU2l.s:3913   .data:000005a0 solucion
C:\Users\jaime\AppData\Local\Temp\ccTgFU2l.s:4062   .data:000006c0 cuadricula
C:\Users\jaime\AppData\Local\Temp\ccTgFU2l.s:4069   .bss:00000000 celdas_vacias
C:\Users\jaime\AppData\Local\Temp\ccTgFU2l.s:4066   .bss:00000000 $d
C:\Users\jaime\AppData\Local\Temp\ccTgFU2l.s:4072   .text:00000000 $a
C:\Users\jaime\AppData\Local\Temp\ccTgFU2l.s:4075   .text:00000000 Main
C:\Users\jaime\AppData\Local\Temp\ccTgFU2l.s:4187   .text:00000100 $d
                     .debug_frame:00000010 $d

UNDEFINED SYMBOLS
sys_init
timer2_init
timer1_init
cola_init
Eint4567_init
D8Led_init
Lcd_Init
TS_init
ts_calibrate_5pt
Sudoku_Pantalla_Inicial
leds_off
ts_read_calibrated
Sudoku_Procesar_Touch
Delay
timer2_count
Sudoku_Juego_En_Progreso
Sudoku_Obtener_Tiempo_Inicio
Sudoku_Actualizar_Tiempo
cola_global
