   1              		.cpu arm7tdmi
   2              		.fpu softvfp
   3              		.eabi_attribute 20, 1
   4              		.eabi_attribute 21, 1
   5              		.eabi_attribute 23, 3
   6              		.eabi_attribute 24, 1
   7              		.eabi_attribute 25, 1
   8              		.eabi_attribute 26, 1
   9              		.eabi_attribute 30, 6
  10              		.eabi_attribute 18, 4
  11              		.file	"main.c"
  21              	.Ltext0:
  22              		.file 1 "../Jaime/main.c"
 3003              		.align	5
 3006              	cuadricula_C_C:
 3007 0000 1500     		.short	21
 3008 0002 0000     		.short	0
 3009 0004 0000     		.short	0
 3010 0006 1300     		.short	19
 3011 0008 0000     		.short	0
 3012 000a 0000     		.short	0
 3013 000c 0000     		.short	0
 3014 000e 0000     		.short	0
 3015 0010 0000     		.short	0
 3016 0012 0000     		.short	0
 3017 0014 0000     		.short	0
 3018 0016 0000     		.short	0
 3019 0018 0000     		.short	0
 3020 001a 0000     		.short	0
 3021 001c 0000     		.short	0
 3022 001e 0000     		.short	0
 3023 0020 0000     		.short	0
 3024 0022 0000     		.short	0
 3025 0024 0000     		.short	0
 3026 0026 0000     		.short	0
 3027 0028 1900     		.short	25
 3028 002a 0000     		.short	0
 3029 002c 0000     		.short	0
 3030 002e 0000     		.short	0
 3031 0030 1500     		.short	21
 3032 0032 0000     		.short	0
 3033 0034 0000     		.short	0
 3034 0036 0000     		.short	0
 3035 0038 0000     		.short	0
 3036 003a 0000     		.short	0
 3037 003c 0000     		.short	0
 3038 003e 0000     		.short	0
 3039 0040 0000     		.short	0
 3040 0042 1900     		.short	25
 3041 0044 1600     		.short	22
 3042 0046 1700     		.short	23
 3043 0048 0000     		.short	0
 3044 004a 1500     		.short	21
 3045 004c 0000     		.short	0
 3046 004e 1300     		.short	19
 3047 0050 0000     		.short	0
 3048 0052 0000     		.short	0
 3049 0054 0000     		.short	0
 3050 0056 0000     		.short	0
 3051 0058 0000     		.short	0
 3052 005a 0000     		.short	0
 3053 005c 0000     		.short	0
 3054 005e 0000     		.short	0
 3055 0060 0000     		.short	0
 3056 0062 1800     		.short	24
 3057 0064 0000     		.short	0
 3058 0066 1900     		.short	25
 3059 0068 0000     		.short	0
 3060 006a 0000     		.short	0
 3061 006c 1600     		.short	22
 3062 006e 0000     		.short	0
 3063 0070 0000     		.short	0
 3064 0072 0000     		.short	0
 3065 0074 0000     		.short	0
 3066 0076 0000     		.short	0
 3067 0078 0000     		.short	0
 3068 007a 0000     		.short	0
 3069 007c 0000     		.short	0
 3070 007e 0000     		.short	0
 3071 0080 0000     		.short	0
 3072 0082 0000     		.short	0
 3073 0084 1500     		.short	21
 3074 0086 1800     		.short	24
 3075 0088 1600     		.short	22
 3076 008a 1100     		.short	17
 3077 008c 1400     		.short	20
 3078 008e 0000     		.short	0
 3079 0090 0000     		.short	0
 3080 0092 0000     		.short	0
 3081 0094 0000     		.short	0
 3082 0096 0000     		.short	0
 3083 0098 0000     		.short	0
 3084 009a 0000     		.short	0
 3085 009c 0000     		.short	0
 3086 009e 0000     		.short	0
 3087 00a0 0000     		.short	0
 3088 00a2 0000     		.short	0
 3089 00a4 1400     		.short	20
 3090 00a6 1200     		.short	18
 3091 00a8 0000     		.short	0
 3092 00aa 1300     		.short	19
 3093 00ac 0000     		.short	0
 3094 00ae 1700     		.short	23
 3095 00b0 0000     		.short	0
 3096 00b2 0000     		.short	0
 3097 00b4 0000     		.short	0
 3098 00b6 0000     		.short	0
 3099 00b8 0000     		.short	0
 3100 00ba 0000     		.short	0
 3101 00bc 0000     		.short	0
 3102 00be 0000     		.short	0
 3103 00c0 0000     		.short	0
 3104 00c2 1700     		.short	23
 3105 00c4 0000     		.short	0
 3106 00c6 1500     		.short	21
 3107 00c8 0000     		.short	0
 3108 00ca 1900     		.short	25
 3109 00cc 1200     		.short	18
 3110 00ce 1600     		.short	22
 3111 00d0 0000     		.short	0
 3112 00d2 0000     		.short	0
 3113 00d4 0000     		.short	0
 3114 00d6 0000     		.short	0
 3115 00d8 0000     		.short	0
 3116 00da 0000     		.short	0
 3117 00dc 0000     		.short	0
 3118 00de 0000     		.short	0
 3119 00e0 1600     		.short	22
 3120 00e2 0000     		.short	0
 3121 00e4 0000     		.short	0
 3122 00e6 0000     		.short	0
 3123 00e8 1800     		.short	24
 3124 00ea 0000     		.short	0
 3125 00ec 0000     		.short	0
 3126 00ee 0000     		.short	0
 3127 00f0 0000     		.short	0
 3128 00f2 0000     		.short	0
 3129 00f4 0000     		.short	0
 3130 00f6 0000     		.short	0
 3131 00f8 0000     		.short	0
 3132 00fa 0000     		.short	0
 3133 00fc 0000     		.short	0
 3134 00fe 0000     		.short	0
 3135 0100 0000     		.short	0
 3136 0102 0000     		.short	0
 3137 0104 0000     		.short	0
 3138 0106 0000     		.short	0
 3139 0108 0000     		.short	0
 3140 010a 1200     		.short	18
 3141 010c 0000     		.short	0
 3142 010e 0000     		.short	0
 3143 0110 1100     		.short	17
 3144 0112 0000     		.short	0
 3145 0114 0000     		.short	0
 3146 0116 0000     		.short	0
 3147 0118 0000     		.short	0
 3148 011a 0000     		.short	0
 3149 011c 0000     		.short	0
 3150 011e 0000     		.short	0
 3151              		.align	5
 3154              	cuadricula_C_ARM:
 3155 0120 1500     		.short	21
 3156 0122 0000     		.short	0
 3157 0124 0000     		.short	0
 3158 0126 1300     		.short	19
 3159 0128 0000     		.short	0
 3160 012a 0000     		.short	0
 3161 012c 0000     		.short	0
 3162 012e 0000     		.short	0
 3163 0130 0000     		.short	0
 3164 0132 0000     		.short	0
 3165 0134 0000     		.short	0
 3166 0136 0000     		.short	0
 3167 0138 0000     		.short	0
 3168 013a 0000     		.short	0
 3169 013c 0000     		.short	0
 3170 013e 0000     		.short	0
 3171 0140 0000     		.short	0
 3172 0142 0000     		.short	0
 3173 0144 0000     		.short	0
 3174 0146 0000     		.short	0
 3175 0148 1900     		.short	25
 3176 014a 0000     		.short	0
 3177 014c 0000     		.short	0
 3178 014e 0000     		.short	0
 3179 0150 1500     		.short	21
 3180 0152 0000     		.short	0
 3181 0154 0000     		.short	0
 3182 0156 0000     		.short	0
 3183 0158 0000     		.short	0
 3184 015a 0000     		.short	0
 3185 015c 0000     		.short	0
 3186 015e 0000     		.short	0
 3187 0160 0000     		.short	0
 3188 0162 1900     		.short	25
 3189 0164 1600     		.short	22
 3190 0166 1700     		.short	23
 3191 0168 0000     		.short	0
 3192 016a 1500     		.short	21
 3193 016c 0000     		.short	0
 3194 016e 1300     		.short	19
 3195 0170 0000     		.short	0
 3196 0172 0000     		.short	0
 3197 0174 0000     		.short	0
 3198 0176 0000     		.short	0
 3199 0178 0000     		.short	0
 3200 017a 0000     		.short	0
 3201 017c 0000     		.short	0
 3202 017e 0000     		.short	0
 3203 0180 0000     		.short	0
 3204 0182 1800     		.short	24
 3205 0184 0000     		.short	0
 3206 0186 1900     		.short	25
 3207 0188 0000     		.short	0
 3208 018a 0000     		.short	0
 3209 018c 1600     		.short	22
 3210 018e 0000     		.short	0
 3211 0190 0000     		.short	0
 3212 0192 0000     		.short	0
 3213 0194 0000     		.short	0
 3214 0196 0000     		.short	0
 3215 0198 0000     		.short	0
 3216 019a 0000     		.short	0
 3217 019c 0000     		.short	0
 3218 019e 0000     		.short	0
 3219 01a0 0000     		.short	0
 3220 01a2 0000     		.short	0
 3221 01a4 1500     		.short	21
 3222 01a6 1800     		.short	24
 3223 01a8 1600     		.short	22
 3224 01aa 1100     		.short	17
 3225 01ac 1400     		.short	20
 3226 01ae 0000     		.short	0
 3227 01b0 0000     		.short	0
 3228 01b2 0000     		.short	0
 3229 01b4 0000     		.short	0
 3230 01b6 0000     		.short	0
 3231 01b8 0000     		.short	0
 3232 01ba 0000     		.short	0
 3233 01bc 0000     		.short	0
 3234 01be 0000     		.short	0
 3235 01c0 0000     		.short	0
 3236 01c2 0000     		.short	0
 3237 01c4 1400     		.short	20
 3238 01c6 1200     		.short	18
 3239 01c8 0000     		.short	0
 3240 01ca 1300     		.short	19
 3241 01cc 0000     		.short	0
 3242 01ce 1700     		.short	23
 3243 01d0 0000     		.short	0
 3244 01d2 0000     		.short	0
 3245 01d4 0000     		.short	0
 3246 01d6 0000     		.short	0
 3247 01d8 0000     		.short	0
 3248 01da 0000     		.short	0
 3249 01dc 0000     		.short	0
 3250 01de 0000     		.short	0
 3251 01e0 0000     		.short	0
 3252 01e2 1700     		.short	23
 3253 01e4 0000     		.short	0
 3254 01e6 1500     		.short	21
 3255 01e8 0000     		.short	0
 3256 01ea 1900     		.short	25
 3257 01ec 1200     		.short	18
 3258 01ee 1600     		.short	22
 3259 01f0 0000     		.short	0
 3260 01f2 0000     		.short	0
 3261 01f4 0000     		.short	0
 3262 01f6 0000     		.short	0
 3263 01f8 0000     		.short	0
 3264 01fa 0000     		.short	0
 3265 01fc 0000     		.short	0
 3266 01fe 0000     		.short	0
 3267 0200 1600     		.short	22
 3268 0202 0000     		.short	0
 3269 0204 0000     		.short	0
 3270 0206 0000     		.short	0
 3271 0208 1800     		.short	24
 3272 020a 0000     		.short	0
 3273 020c 0000     		.short	0
 3274 020e 0000     		.short	0
 3275 0210 0000     		.short	0
 3276 0212 0000     		.short	0
 3277 0214 0000     		.short	0
 3278 0216 0000     		.short	0
 3279 0218 0000     		.short	0
 3280 021a 0000     		.short	0
 3281 021c 0000     		.short	0
 3282 021e 0000     		.short	0
 3283 0220 0000     		.short	0
 3284 0222 0000     		.short	0
 3285 0224 0000     		.short	0
 3286 0226 0000     		.short	0
 3287 0228 0000     		.short	0
 3288 022a 1200     		.short	18
 3289 022c 0000     		.short	0
 3290 022e 0000     		.short	0
 3291 0230 1100     		.short	17
 3292 0232 0000     		.short	0
 3293 0234 0000     		.short	0
 3294 0236 0000     		.short	0
 3295 0238 0000     		.short	0
 3296 023a 0000     		.short	0
 3297 023c 0000     		.short	0
 3298 023e 0000     		.short	0
 3299              		.align	5
 3302              	cuadricula_ARM_C:
 3303 0240 1500     		.short	21
 3304 0242 0000     		.short	0
 3305 0244 0000     		.short	0
 3306 0246 1300     		.short	19
 3307 0248 0000     		.short	0
 3308 024a 0000     		.short	0
 3309 024c 0000     		.short	0
 3310 024e 0000     		.short	0
 3311 0250 0000     		.short	0
 3312 0252 0000     		.short	0
 3313 0254 0000     		.short	0
 3314 0256 0000     		.short	0
 3315 0258 0000     		.short	0
 3316 025a 0000     		.short	0
 3317 025c 0000     		.short	0
 3318 025e 0000     		.short	0
 3319 0260 0000     		.short	0
 3320 0262 0000     		.short	0
 3321 0264 0000     		.short	0
 3322 0266 0000     		.short	0
 3323 0268 1900     		.short	25
 3324 026a 0000     		.short	0
 3325 026c 0000     		.short	0
 3326 026e 0000     		.short	0
 3327 0270 1500     		.short	21
 3328 0272 0000     		.short	0
 3329 0274 0000     		.short	0
 3330 0276 0000     		.short	0
 3331 0278 0000     		.short	0
 3332 027a 0000     		.short	0
 3333 027c 0000     		.short	0
 3334 027e 0000     		.short	0
 3335 0280 0000     		.short	0
 3336 0282 1900     		.short	25
 3337 0284 1600     		.short	22
 3338 0286 1700     		.short	23
 3339 0288 0000     		.short	0
 3340 028a 1500     		.short	21
 3341 028c 0000     		.short	0
 3342 028e 1300     		.short	19
 3343 0290 0000     		.short	0
 3344 0292 0000     		.short	0
 3345 0294 0000     		.short	0
 3346 0296 0000     		.short	0
 3347 0298 0000     		.short	0
 3348 029a 0000     		.short	0
 3349 029c 0000     		.short	0
 3350 029e 0000     		.short	0
 3351 02a0 0000     		.short	0
 3352 02a2 1800     		.short	24
 3353 02a4 0000     		.short	0
 3354 02a6 1900     		.short	25
 3355 02a8 0000     		.short	0
 3356 02aa 0000     		.short	0
 3357 02ac 1600     		.short	22
 3358 02ae 0000     		.short	0
 3359 02b0 0000     		.short	0
 3360 02b2 0000     		.short	0
 3361 02b4 0000     		.short	0
 3362 02b6 0000     		.short	0
 3363 02b8 0000     		.short	0
 3364 02ba 0000     		.short	0
 3365 02bc 0000     		.short	0
 3366 02be 0000     		.short	0
 3367 02c0 0000     		.short	0
 3368 02c2 0000     		.short	0
 3369 02c4 1500     		.short	21
 3370 02c6 1800     		.short	24
 3371 02c8 1600     		.short	22
 3372 02ca 1100     		.short	17
 3373 02cc 1400     		.short	20
 3374 02ce 0000     		.short	0
 3375 02d0 0000     		.short	0
 3376 02d2 0000     		.short	0
 3377 02d4 0000     		.short	0
 3378 02d6 0000     		.short	0
 3379 02d8 0000     		.short	0
 3380 02da 0000     		.short	0
 3381 02dc 0000     		.short	0
 3382 02de 0000     		.short	0
 3383 02e0 0000     		.short	0
 3384 02e2 0000     		.short	0
 3385 02e4 1400     		.short	20
 3386 02e6 1200     		.short	18
 3387 02e8 0000     		.short	0
 3388 02ea 1300     		.short	19
 3389 02ec 0000     		.short	0
 3390 02ee 1700     		.short	23
 3391 02f0 0000     		.short	0
 3392 02f2 0000     		.short	0
 3393 02f4 0000     		.short	0
 3394 02f6 0000     		.short	0
 3395 02f8 0000     		.short	0
 3396 02fa 0000     		.short	0
 3397 02fc 0000     		.short	0
 3398 02fe 0000     		.short	0
 3399 0300 0000     		.short	0
 3400 0302 1700     		.short	23
 3401 0304 0000     		.short	0
 3402 0306 1500     		.short	21
 3403 0308 0000     		.short	0
 3404 030a 1900     		.short	25
 3405 030c 1200     		.short	18
 3406 030e 1600     		.short	22
 3407 0310 0000     		.short	0
 3408 0312 0000     		.short	0
 3409 0314 0000     		.short	0
 3410 0316 0000     		.short	0
 3411 0318 0000     		.short	0
 3412 031a 0000     		.short	0
 3413 031c 0000     		.short	0
 3414 031e 0000     		.short	0
 3415 0320 1600     		.short	22
 3416 0322 0000     		.short	0
 3417 0324 0000     		.short	0
 3418 0326 0000     		.short	0
 3419 0328 1800     		.short	24
 3420 032a 0000     		.short	0
 3421 032c 0000     		.short	0
 3422 032e 0000     		.short	0
 3423 0330 0000     		.short	0
 3424 0332 0000     		.short	0
 3425 0334 0000     		.short	0
 3426 0336 0000     		.short	0
 3427 0338 0000     		.short	0
 3428 033a 0000     		.short	0
 3429 033c 0000     		.short	0
 3430 033e 0000     		.short	0
 3431 0340 0000     		.short	0
 3432 0342 0000     		.short	0
 3433 0344 0000     		.short	0
 3434 0346 0000     		.short	0
 3435 0348 0000     		.short	0
 3436 034a 1200     		.short	18
 3437 034c 0000     		.short	0
 3438 034e 0000     		.short	0
 3439 0350 1100     		.short	17
 3440 0352 0000     		.short	0
 3441 0354 0000     		.short	0
 3442 0356 0000     		.short	0
 3443 0358 0000     		.short	0
 3444 035a 0000     		.short	0
 3445 035c 0000     		.short	0
 3446 035e 0000     		.short	0
 3447              		.align	5
 3450              	cuadricula_ARM_ARM:
 3451 0360 1500     		.short	21
 3452 0362 0000     		.short	0
 3453 0364 0000     		.short	0
 3454 0366 1300     		.short	19
 3455 0368 0000     		.short	0
 3456 036a 0000     		.short	0
 3457 036c 0000     		.short	0
 3458 036e 0000     		.short	0
 3459 0370 0000     		.short	0
 3460 0372 0000     		.short	0
 3461 0374 0000     		.short	0
 3462 0376 0000     		.short	0
 3463 0378 0000     		.short	0
 3464 037a 0000     		.short	0
 3465 037c 0000     		.short	0
 3466 037e 0000     		.short	0
 3467 0380 0000     		.short	0
 3468 0382 0000     		.short	0
 3469 0384 0000     		.short	0
 3470 0386 0000     		.short	0
 3471 0388 1900     		.short	25
 3472 038a 0000     		.short	0
 3473 038c 0000     		.short	0
 3474 038e 0000     		.short	0
 3475 0390 1500     		.short	21
 3476 0392 0000     		.short	0
 3477 0394 0000     		.short	0
 3478 0396 0000     		.short	0
 3479 0398 0000     		.short	0
 3480 039a 0000     		.short	0
 3481 039c 0000     		.short	0
 3482 039e 0000     		.short	0
 3483 03a0 0000     		.short	0
 3484 03a2 1900     		.short	25
 3485 03a4 1600     		.short	22
 3486 03a6 1700     		.short	23
 3487 03a8 0000     		.short	0
 3488 03aa 1500     		.short	21
 3489 03ac 0000     		.short	0
 3490 03ae 1300     		.short	19
 3491 03b0 0000     		.short	0
 3492 03b2 0000     		.short	0
 3493 03b4 0000     		.short	0
 3494 03b6 0000     		.short	0
 3495 03b8 0000     		.short	0
 3496 03ba 0000     		.short	0
 3497 03bc 0000     		.short	0
 3498 03be 0000     		.short	0
 3499 03c0 0000     		.short	0
 3500 03c2 1800     		.short	24
 3501 03c4 0000     		.short	0
 3502 03c6 1900     		.short	25
 3503 03c8 0000     		.short	0
 3504 03ca 0000     		.short	0
 3505 03cc 1600     		.short	22
 3506 03ce 0000     		.short	0
 3507 03d0 0000     		.short	0
 3508 03d2 0000     		.short	0
 3509 03d4 0000     		.short	0
 3510 03d6 0000     		.short	0
 3511 03d8 0000     		.short	0
 3512 03da 0000     		.short	0
 3513 03dc 0000     		.short	0
 3514 03de 0000     		.short	0
 3515 03e0 0000     		.short	0
 3516 03e2 0000     		.short	0
 3517 03e4 1500     		.short	21
 3518 03e6 1800     		.short	24
 3519 03e8 1600     		.short	22
 3520 03ea 1100     		.short	17
 3521 03ec 1400     		.short	20
 3522 03ee 0000     		.short	0
 3523 03f0 0000     		.short	0
 3524 03f2 0000     		.short	0
 3525 03f4 0000     		.short	0
 3526 03f6 0000     		.short	0
 3527 03f8 0000     		.short	0
 3528 03fa 0000     		.short	0
 3529 03fc 0000     		.short	0
 3530 03fe 0000     		.short	0
 3531 0400 0000     		.short	0
 3532 0402 0000     		.short	0
 3533 0404 1400     		.short	20
 3534 0406 1200     		.short	18
 3535 0408 0000     		.short	0
 3536 040a 1300     		.short	19
 3537 040c 0000     		.short	0
 3538 040e 1700     		.short	23
 3539 0410 0000     		.short	0
 3540 0412 0000     		.short	0
 3541 0414 0000     		.short	0
 3542 0416 0000     		.short	0
 3543 0418 0000     		.short	0
 3544 041a 0000     		.short	0
 3545 041c 0000     		.short	0
 3546 041e 0000     		.short	0
 3547 0420 0000     		.short	0
 3548 0422 1700     		.short	23
 3549 0424 0000     		.short	0
 3550 0426 1500     		.short	21
 3551 0428 0000     		.short	0
 3552 042a 1900     		.short	25
 3553 042c 1200     		.short	18
 3554 042e 1600     		.short	22
 3555 0430 0000     		.short	0
 3556 0432 0000     		.short	0
 3557 0434 0000     		.short	0
 3558 0436 0000     		.short	0
 3559 0438 0000     		.short	0
 3560 043a 0000     		.short	0
 3561 043c 0000     		.short	0
 3562 043e 0000     		.short	0
 3563 0440 1600     		.short	22
 3564 0442 0000     		.short	0
 3565 0444 0000     		.short	0
 3566 0446 0000     		.short	0
 3567 0448 1800     		.short	24
 3568 044a 0000     		.short	0
 3569 044c 0000     		.short	0
 3570 044e 0000     		.short	0
 3571 0450 0000     		.short	0
 3572 0452 0000     		.short	0
 3573 0454 0000     		.short	0
 3574 0456 0000     		.short	0
 3575 0458 0000     		.short	0
 3576 045a 0000     		.short	0
 3577 045c 0000     		.short	0
 3578 045e 0000     		.short	0
 3579 0460 0000     		.short	0
 3580 0462 0000     		.short	0
 3581 0464 0000     		.short	0
 3582 0466 0000     		.short	0
 3583 0468 0000     		.short	0
 3584 046a 1200     		.short	18
 3585 046c 0000     		.short	0
 3586 046e 0000     		.short	0
 3587 0470 1100     		.short	17
 3588 0472 0000     		.short	0
 3589 0474 0000     		.short	0
 3590 0476 0000     		.short	0
 3591 0478 0000     		.short	0
 3592 047a 0000     		.short	0
 3593 047c 0000     		.short	0
 3594 047e 0000     		.short	0
 3595              		.section	.rodata
 3596              		.align	5
 3599              	cuadricula_Respaldo:
 3600 0000 1500     		.short	21
 3601 0002 0000     		.short	0
 3602 0004 0000     		.short	0
 3603 0006 1300     		.short	19
 3604 0008 0000     		.short	0
 3605 000a 0000     		.short	0
 3606 000c 0000     		.short	0
 3607 000e 0000     		.short	0
 3608 0010 0000     		.short	0
 3609 0012 0000     		.short	0
 3610 0014 0000     		.short	0
 3611 0016 0000     		.short	0
 3612 0018 0000     		.short	0
 3613 001a 0000     		.short	0
 3614 001c 0000     		.short	0
 3615 001e 0000     		.short	0
 3616 0020 0000     		.short	0
 3617 0022 0000     		.short	0
 3618 0024 0000     		.short	0
 3619 0026 0000     		.short	0
 3620 0028 1900     		.short	25
 3621 002a 0000     		.short	0
 3622 002c 0000     		.short	0
 3623 002e 0000     		.short	0
 3624 0030 1500     		.short	21
 3625 0032 0000     		.short	0
 3626 0034 0000     		.short	0
 3627 0036 0000     		.short	0
 3628 0038 0000     		.short	0
 3629 003a 0000     		.short	0
 3630 003c 0000     		.short	0
 3631 003e 0000     		.short	0
 3632 0040 0000     		.short	0
 3633 0042 1900     		.short	25
 3634 0044 1600     		.short	22
 3635 0046 1700     		.short	23
 3636 0048 0000     		.short	0
 3637 004a 1500     		.short	21
 3638 004c 0000     		.short	0
 3639 004e 1300     		.short	19
 3640 0050 0000     		.short	0
 3641 0052 0000     		.short	0
 3642 0054 0000     		.short	0
 3643 0056 0000     		.short	0
 3644 0058 0000     		.short	0
 3645 005a 0000     		.short	0
 3646 005c 0000     		.short	0
 3647 005e 0000     		.short	0
 3648 0060 0000     		.short	0
 3649 0062 1800     		.short	24
 3650 0064 0000     		.short	0
 3651 0066 1900     		.short	25
 3652 0068 0000     		.short	0
 3653 006a 0000     		.short	0
 3654 006c 1600     		.short	22
 3655 006e 0000     		.short	0
 3656 0070 0000     		.short	0
 3657 0072 0000     		.short	0
 3658 0074 0000     		.short	0
 3659 0076 0000     		.short	0
 3660 0078 0000     		.short	0
 3661 007a 0000     		.short	0
 3662 007c 0000     		.short	0
 3663 007e 0000     		.short	0
 3664 0080 0000     		.short	0
 3665 0082 0000     		.short	0
 3666 0084 1500     		.short	21
 3667 0086 1800     		.short	24
 3668 0088 1600     		.short	22
 3669 008a 1100     		.short	17
 3670 008c 1400     		.short	20
 3671 008e 0000     		.short	0
 3672 0090 0000     		.short	0
 3673 0092 0000     		.short	0
 3674 0094 0000     		.short	0
 3675 0096 0000     		.short	0
 3676 0098 0000     		.short	0
 3677 009a 0000     		.short	0
 3678 009c 0000     		.short	0
 3679 009e 0000     		.short	0
 3680 00a0 0000     		.short	0
 3681 00a2 0000     		.short	0
 3682 00a4 1400     		.short	20
 3683 00a6 1200     		.short	18
 3684 00a8 0000     		.short	0
 3685 00aa 1300     		.short	19
 3686 00ac 0000     		.short	0
 3687 00ae 1700     		.short	23
 3688 00b0 0000     		.short	0
 3689 00b2 0000     		.short	0
 3690 00b4 0000     		.short	0
 3691 00b6 0000     		.short	0
 3692 00b8 0000     		.short	0
 3693 00ba 0000     		.short	0
 3694 00bc 0000     		.short	0
 3695 00be 0000     		.short	0
 3696 00c0 0000     		.short	0
 3697 00c2 1700     		.short	23
 3698 00c4 0000     		.short	0
 3699 00c6 1500     		.short	21
 3700 00c8 0000     		.short	0
 3701 00ca 1900     		.short	25
 3702 00cc 1200     		.short	18
 3703 00ce 1600     		.short	22
 3704 00d0 0000     		.short	0
 3705 00d2 0000     		.short	0
 3706 00d4 0000     		.short	0
 3707 00d6 0000     		.short	0
 3708 00d8 0000     		.short	0
 3709 00da 0000     		.short	0
 3710 00dc 0000     		.short	0
 3711 00de 0000     		.short	0
 3712 00e0 1600     		.short	22
 3713 00e2 0000     		.short	0
 3714 00e4 0000     		.short	0
 3715 00e6 0000     		.short	0
 3716 00e8 1800     		.short	24
 3717 00ea 0000     		.short	0
 3718 00ec 0000     		.short	0
 3719 00ee 0000     		.short	0
 3720 00f0 0000     		.short	0
 3721 00f2 0000     		.short	0
 3722 00f4 0000     		.short	0
 3723 00f6 0000     		.short	0
 3724 00f8 0000     		.short	0
 3725 00fa 0000     		.short	0
 3726 00fc 0000     		.short	0
 3727 00fe 0000     		.short	0
 3728 0100 0000     		.short	0
 3729 0102 0000     		.short	0
 3730 0104 0000     		.short	0
 3731 0106 0000     		.short	0
 3732 0108 0000     		.short	0
 3733 010a 1200     		.short	18
 3734 010c 0000     		.short	0
 3735 010e 0000     		.short	0
 3736 0110 1100     		.short	17
 3737 0112 0000     		.short	0
 3738 0114 0000     		.short	0
 3739 0116 0000     		.short	0
 3740 0118 0000     		.short	0
 3741 011a 0000     		.short	0
 3742 011c 0000     		.short	0
 3743 011e 0000     		.short	0
 3744              		.data
 3745              		.align	5
 3748              	cuadricula_ARM_ARM_ALL:
 3749 0480 1500     		.short	21
 3750 0482 0000     		.short	0
 3751 0484 0000     		.short	0
 3752 0486 1300     		.short	19
 3753 0488 0000     		.short	0
 3754 048a 0000     		.short	0
 3755 048c 0000     		.short	0
 3756 048e 0000     		.short	0
 3757 0490 0000     		.short	0
 3758 0492 0000     		.short	0
 3759 0494 0000     		.short	0
 3760 0496 0000     		.short	0
 3761 0498 0000     		.short	0
 3762 049a 0000     		.short	0
 3763 049c 0000     		.short	0
 3764 049e 0000     		.short	0
 3765 04a0 0000     		.short	0
 3766 04a2 0000     		.short	0
 3767 04a4 0000     		.short	0
 3768 04a6 0000     		.short	0
 3769 04a8 1900     		.short	25
 3770 04aa 0000     		.short	0
 3771 04ac 0000     		.short	0
 3772 04ae 0000     		.short	0
 3773 04b0 1500     		.short	21
 3774 04b2 0000     		.short	0
 3775 04b4 0000     		.short	0
 3776 04b6 0000     		.short	0
 3777 04b8 0000     		.short	0
 3778 04ba 0000     		.short	0
 3779 04bc 0000     		.short	0
 3780 04be 0000     		.short	0
 3781 04c0 0000     		.short	0
 3782 04c2 1900     		.short	25
 3783 04c4 1600     		.short	22
 3784 04c6 1700     		.short	23
 3785 04c8 0000     		.short	0
 3786 04ca 1500     		.short	21
 3787 04cc 0000     		.short	0
 3788 04ce 1300     		.short	19
 3789 04d0 0000     		.short	0
 3790 04d2 0000     		.short	0
 3791 04d4 0000     		.short	0
 3792 04d6 0000     		.short	0
 3793 04d8 0000     		.short	0
 3794 04da 0000     		.short	0
 3795 04dc 0000     		.short	0
 3796 04de 0000     		.short	0
 3797 04e0 0000     		.short	0
 3798 04e2 1800     		.short	24
 3799 04e4 0000     		.short	0
 3800 04e6 1900     		.short	25
 3801 04e8 0000     		.short	0
 3802 04ea 0000     		.short	0
 3803 04ec 1600     		.short	22
 3804 04ee 0000     		.short	0
 3805 04f0 0000     		.short	0
 3806 04f2 0000     		.short	0
 3807 04f4 0000     		.short	0
 3808 04f6 0000     		.short	0
 3809 04f8 0000     		.short	0
 3810 04fa 0000     		.short	0
 3811 04fc 0000     		.short	0
 3812 04fe 0000     		.short	0
 3813 0500 0000     		.short	0
 3814 0502 0000     		.short	0
 3815 0504 1500     		.short	21
 3816 0506 1800     		.short	24
 3817 0508 1600     		.short	22
 3818 050a 1100     		.short	17
 3819 050c 1400     		.short	20
 3820 050e 0000     		.short	0
 3821 0510 0000     		.short	0
 3822 0512 0000     		.short	0
 3823 0514 0000     		.short	0
 3824 0516 0000     		.short	0
 3825 0518 0000     		.short	0
 3826 051a 0000     		.short	0
 3827 051c 0000     		.short	0
 3828 051e 0000     		.short	0
 3829 0520 0000     		.short	0
 3830 0522 0000     		.short	0
 3831 0524 1400     		.short	20
 3832 0526 1200     		.short	18
 3833 0528 0000     		.short	0
 3834 052a 1300     		.short	19
 3835 052c 0000     		.short	0
 3836 052e 1700     		.short	23
 3837 0530 0000     		.short	0
 3838 0532 0000     		.short	0
 3839 0534 0000     		.short	0
 3840 0536 0000     		.short	0
 3841 0538 0000     		.short	0
 3842 053a 0000     		.short	0
 3843 053c 0000     		.short	0
 3844 053e 0000     		.short	0
 3845 0540 0000     		.short	0
 3846 0542 1700     		.short	23
 3847 0544 0000     		.short	0
 3848 0546 1500     		.short	21
 3849 0548 0000     		.short	0
 3850 054a 1900     		.short	25
 3851 054c 1200     		.short	18
 3852 054e 1600     		.short	22
 3853 0550 0000     		.short	0
 3854 0552 0000     		.short	0
 3855 0554 0000     		.short	0
 3856 0556 0000     		.short	0
 3857 0558 0000     		.short	0
 3858 055a 0000     		.short	0
 3859 055c 0000     		.short	0
 3860 055e 0000     		.short	0
 3861 0560 1600     		.short	22
 3862 0562 0000     		.short	0
 3863 0564 0000     		.short	0
 3864 0566 0000     		.short	0
 3865 0568 1800     		.short	24
 3866 056a 0000     		.short	0
 3867 056c 0000     		.short	0
 3868 056e 0000     		.short	0
 3869 0570 0000     		.short	0
 3870 0572 0000     		.short	0
 3871 0574 0000     		.short	0
 3872 0576 0000     		.short	0
 3873 0578 0000     		.short	0
 3874 057a 0000     		.short	0
 3875 057c 0000     		.short	0
 3876 057e 0000     		.short	0
 3877 0580 0000     		.short	0
 3878 0582 0000     		.short	0
 3879 0584 0000     		.short	0
 3880 0586 0000     		.short	0
 3881 0588 0000     		.short	0
 3882 058a 1200     		.short	18
 3883 058c 0000     		.short	0
 3884 058e 0000     		.short	0
 3885 0590 1100     		.short	17
 3886 0592 0000     		.short	0
 3887 0594 0000     		.short	0
 3888 0596 0000     		.short	0
 3889 0598 0000     		.short	0
 3890 059a 0000     		.short	0
 3891 059c 0000     		.short	0
 3892 059e 0000     		.short	0
 3893              		.align	5
 3896              	solucion:
 3897 05a0 159A     		.short	-26091
 3898 05a2 00FA     		.short	-1536
 3899 05a4 009E     		.short	-25088
 3900 05a6 13EB     		.short	-5357
 3901 05a8 00FA     		.short	-1536
 3902 05aa 80AB     		.short	-21632
 3903 05ac 001F     		.short	7936
 3904 05ae 003A     		.short	14848
 3905 05b0 800A     		.short	2688
 3906 05b2 0000     		.short	0
 3907 05b4 0000     		.short	0
 3908 05b6 0000     		.short	0
 3909 05b8 0000     		.short	0
 3910 05ba 0000     		.short	0
 3911 05bc 0000     		.short	0
 3912 05be 0000     		.short	0
 3913 05c0 0098     		.short	-26624
 3914 05c2 00F8     		.short	-2048
 3915 05c4 009C     		.short	-25600
 3916 05c6 00EB     		.short	-5376
 3917 05c8 19FA     		.short	-1511
 3918 05ca 80AB     		.short	-21632
 3919 05cc 009F     		.short	-24832
 3920 05ce 00BA     		.short	-17920
 3921 05d0 958A     		.short	-30059
 3922 05d2 0000     		.short	0
 3923 05d4 0000     		.short	0
 3924 05d6 0000     		.short	0
 3925 05d8 0000     		.short	0
 3926 05da 0000     		.short	0
 3927 05dc 0000     		.short	0
 3928 05de 0000     		.short	0
 3929 05e0 00BA     		.short	-17920
 3930 05e2 19FA     		.short	-1511
 3931 05e4 16BE     		.short	-16874
 3932 05e6 17FB     		.short	-1257
 3933 05e8 00FA     		.short	-1536
 3934 05ea 95BB     		.short	-17515
 3935 05ec 00BF     		.short	-16640
 3936 05ee 13BA     		.short	-17901
 3937 05f0 80BA     		.short	-17792
 3938 05f2 0000     		.short	0
 3939 05f4 0000     		.short	0
 3940 05f6 0000     		.short	0
 3941 05f8 0000     		.short	0
 3942 05fa 0000     		.short	0
 3943 05fc 0000     		.short	0
 3944 05fe 0000     		.short	0
 3945 0600 00DC     		.short	-9216
 3946 0602 18FC     		.short	-1000
 3947 0604 00DC     		.short	-9216
 3948 0606 99FB     		.short	-1127
 3949 0608 80D3     		.short	-11392
 3950 060a 80DB     		.short	-9344
 3951 060c 16F5     		.short	-2794
 3952 060e 00F6     		.short	-2560
 3953 0610 80FC     		.short	-896
 3954 0612 0000     		.short	0
 3955 0614 0000     		.short	0
 3956 0616 0000     		.short	0
 3957 0618 0000     		.short	0
 3958 061a 0000     		.short	0
 3959 061c 0000     		.short	0
 3960 061e 0000     		.short	0
 3961 0620 805C     		.short	23680
 3962 0622 80FC     		.short	-896
 3963 0624 955C     		.short	23701
 3964 0626 98FF     		.short	-104
 3965 0628 96DF     		.short	-8298
 3966 062a 91DF     		.short	-8303
 3967 062c 947D     		.short	32148
 3968 062e 807E     		.short	32384
 3969 0630 807C     		.short	31872
 3970 0632 0000     		.short	0
 3971 0634 0000     		.short	0
 3972 0636 0000     		.short	0
 3973 0638 0000     		.short	0
 3974 063a 0000     		.short	0
 3975 063c 0000     		.short	0
 3976 063e 0000     		.short	0
 3977 0640 007F     		.short	32512
 3978 0642 00EF     		.short	-4352
 3979 0644 147F     		.short	32532
 3980 0646 92FF     		.short	-110
 3981 0648 80F7     		.short	-2176
 3982 064a 93FF     		.short	-109
 3983 064c 0037     		.short	14080
 3984 064e 1737     		.short	14103
 3985 0650 803F     		.short	16256
 3986 0652 0000     		.short	0
 3987 0654 0000     		.short	0
 3988 0656 0000     		.short	0
 3989 0658 0000     		.short	0
 3990 065a 0000     		.short	0
 3991 065c 0000     		.short	0
 3992 065e 0000     		.short	0
 3993 0660 00B9     		.short	-18176
 3994 0662 17F9     		.short	-1769
 3995 0664 00BD     		.short	-17152
 3996 0666 15FB     		.short	-1259
 3997 0668 00F9     		.short	-1792
 3998 066a 99FB     		.short	-1127
 3999 066c 92BD     		.short	-17006
 4000 066e 96BB     		.short	-17514
 4001 0670 80B9     		.short	-18048
 4002 0672 0000     		.short	0
 4003 0674 0000     		.short	0
 4004 0676 0000     		.short	0
 4005 0678 0000     		.short	0
 4006 067a 0000     		.short	0
 4007 067c 0000     		.short	0
 4008 067e 0000     		.short	0
 4009 0680 1678     		.short	30742
 4010 0682 00F0     		.short	-4096
 4011 0684 007C     		.short	31744
 4012 0686 00FB     		.short	-1280
 4013 0688 18D9     		.short	-9960
 4014 068a 80DB     		.short	-9344
 4015 068c 8055     		.short	21888
 4016 068e 8073     		.short	29568
 4017 0690 8059     		.short	22912
 4018 0692 0000     		.short	0
 4019 0694 0000     		.short	0
 4020 0696 0000     		.short	0
 4021 0698 0000     		.short	0
 4022 069a 0000     		.short	0
 4023 069c 0000     		.short	0
 4024 069e 0000     		.short	0
 4025 06a0 8039     		.short	14720
 4026 06a2 80F1     		.short	-3712
 4027 06a4 803D     		.short	15744
 4028 06a6 80EB     		.short	-5248
 4029 06a8 80D9     		.short	-9856
 4030 06aa 92CB     		.short	-13422
 4031 06ac 8015     		.short	5504
 4032 06ae 8033     		.short	13184
 4033 06b0 9119     		.short	6545
 4034 06b2 0000     		.short	0
 4035 06b4 0000     		.short	0
 4036 06b6 0000     		.short	0
 4037 06b8 0000     		.short	0
 4038 06ba 0000     		.short	0
 4039 06bc 0000     		.short	0
 4040 06be 0000     		.short	0
 4041              		.global	cuadricula
 4042              		.align	2
 4045              	cuadricula:
 4046 06c0 60030000 		.word	cuadricula_ARM_ARM
 4047              		.global	celdas_vacias
 4048 06c4 00000000 		.bss
 4048      00000000 
 4048      00000000 
 4048      00000000 
 4048      00000000 
 4049              		.align	2
 4052              	celdas_vacias:
 4053 0000 00000000 		.space	4
 4054              		.text
 4055              		.align	2
 4056              		.global	Main
 4058              	Main:
 4059              	.LFB7:
   1:../Jaime/main.c **** /*********************************************************************************************
   2:../Jaime/main.c **** * File	main.c
   3:../Jaime/main.c **** * Author: embest
   4:../Jaime/main.c **** * Description: main entry
   5:../Jaime/main.c **** * History:	
   6:../Jaime/main.c **** * - Código original de touchscreen y LCD
   7:../Jaime/main.c **** * - Código integrado de Sudoku desde main_sudoku.c
   8:../Jaime/main.c **** *********************************************************************************************/
   9:../Jaime/main.c **** 
  10:../Jaime/main.c **** /*--- include files ---*/
  11:../Jaime/main.c **** #include "44blib.h"
  12:../Jaime/main.c **** #include "44b.h"
  13:../Jaime/main.c **** #include "tp.h"
  14:../Jaime/main.c **** 
  15:../Jaime/main.c **** /* Includes del Sudoku */
  16:../Jaime/main.c **** #include "8led.h"
  17:../Jaime/main.c **** #include "button.h"
  18:../Jaime/main.c **** #include "led.h"
  19:../Jaime/main.c **** #include "timer1.h"
  20:../Jaime/main.c **** #include "timer2.h"
  21:../Jaime/main.c **** #include "cola.h"
  22:../Jaime/main.c **** #include "sudoku_2025.h"
  23:../Jaime/main.c **** #include "lcd.h"
  24:../Jaime/main.c **** 
  25:../Jaime/main.c **** /* Variables globales del Sudoku */
  26:../Jaime/main.c **** #include "tableros.h"
  27:../Jaime/main.c **** 
  28:../Jaime/main.c **** /* Apuntar a una de las cuadrículas disponibles */
  29:../Jaime/main.c **** CELDA (*cuadricula)[NUM_COLUMNAS] = cuadricula_ARM_ARM; // CAMBIAR SEGUN LA VERSIÓN A PROBAR
  30:../Jaime/main.c **** int celdas_vacias = 0;
  31:../Jaime/main.c **** 
  32:../Jaime/main.c **** /*--- function declare ---*/
  33:../Jaime/main.c **** void Main(void);
  34:../Jaime/main.c **** 
  35:../Jaime/main.c **** /*--- function code ---*/
  36:../Jaime/main.c **** /*********************************************************************************************
  37:../Jaime/main.c **** * name:		Main
  38:../Jaime/main.c **** * func:		c code entry - VERSIÓN INTEGRADA: Touchscreen + Sudoku
  39:../Jaime/main.c **** * para:		none
  40:../Jaime/main.c **** * ret:		none
  41:../Jaime/main.c **** * modify:
  42:../Jaime/main.c **** *********************************************************************************************/
  43:../Jaime/main.c **** void Main(void)
  44:../Jaime/main.c **** {
 4060              		.loc 1 44 0
 4061              		.cfi_startproc
 4062              		@ Function supports interworking.
 4063              		@ args = 0, pretend = 0, frame = 24
 4064              		@ frame_needed = 1, uses_anonymous_args = 0
 4065 0000 0DC0A0E1 		mov	ip, sp
 4066              	.LCFI0:
 4067              		.cfi_def_cfa_register 12
 4068 0004 00D82DE9 		stmfd	sp!, {fp, ip, lr, pc}
 4069 0008 04B04CE2 		sub	fp, ip, #4
 4070              		.cfi_offset 14, -8
 4071              		.cfi_offset 13, -12
 4072              		.cfi_offset 11, -16
 4073              	.LCFI1:
 4074              		.cfi_def_cfa 11, 4
 4075 000c 18D04DE2 		sub	sp, sp, #24
  45:../Jaime/main.c ****     sys_init();        /* Initial 44B0X's Interrupt, Port and UART */
 4076              		.loc 1 45 0
 4077 0010 FEFFFFEB 		bl	sys_init
  46:../Jaime/main.c ****     
  47:../Jaime/main.c ****     /* Inicializa controladores del Sudoku */
  48:../Jaime/main.c ****     timer2_init();      // Inicializacion del timer2 para medicion de tiempo
 4078              		.loc 1 48 0
 4079 0014 FEFFFFEB 		bl	timer2_init
  49:../Jaime/main.c ****     timer1_init();      // Inicializacion del timer1 para latido (heartbeat) - Paso 6
 4080              		.loc 1 49 0
 4081 0018 FEFFFFEB 		bl	timer1_init
  50:../Jaime/main.c ****     cola_init();        // Inicializacion de la cola de depuracion (Paso 4)
 4082              		.loc 1 50 0
 4083 001c FEFFFFEB 		bl	cola_init
  51:../Jaime/main.c ****     Eint4567_init();    // inicializamos los pulsadores. Cada vez que se pulse se verá reflejado e
 4084              		.loc 1 51 0
 4085 0020 FEFFFFEB 		bl	Eint4567_init
  52:../Jaime/main.c ****     D8Led_init();       // inicializamos el 8led
 4086              		.loc 1 52 0
 4087 0024 FEFFFFEB 		bl	D8Led_init
  53:../Jaime/main.c **** 
  54:../Jaime/main.c ****     /* Inicializar LCD y mostrar pantalla inicial */
  55:../Jaime/main.c ****     Lcd_Init();
 4088              		.loc 1 55 0
 4089 0028 FEFFFFEB 		bl	Lcd_Init
  56:../Jaime/main.c ****     TS_init();
 4090              		.loc 1 56 0
 4091 002c FEFFFFEB 		bl	TS_init
  57:../Jaime/main.c ****     
  58:../Jaime/main.c ****     /* Calibrar touchscreen */
  59:../Jaime/main.c ****     ts_calibrate_5pt(SCR_XSIZE, SCR_YSIZE, 30);
 4092              		.loc 1 59 0
 4093 0030 050DA0E3 		mov	r0, #320
 4094 0034 F010A0E3 		mov	r1, #240
 4095 0038 1E20A0E3 		mov	r2, #30
 4096 003c FEFFFFEB 		bl	ts_calibrate_5pt
  60:../Jaime/main.c ****     
  61:../Jaime/main.c ****     Sudoku_Pantalla_Inicial();
 4097              		.loc 1 61 0
 4098 0040 FEFFFFEB 		bl	Sudoku_Pantalla_Inicial
  62:../Jaime/main.c **** 
  63:../Jaime/main.c ****     /* Valor inicial de los leds */
  64:../Jaime/main.c ****     leds_off();
 4099              		.loc 1 64 0
 4100 0044 FEFFFFEB 		bl	leds_off
  65:../Jaime/main.c ****     
  66:../Jaime/main.c ****     /* Variable para controlar actualización del tiempo */
  67:../Jaime/main.c ****     unsigned int tiempo_anterior = 0;
 4101              		.loc 1 67 0
 4102 0048 0030A0E3 		mov	r3, #0
 4103 004c 10300BE5 		str	r3, [fp, #-16]
  68:../Jaime/main.c ****     unsigned int tiempo_actual = 0;
 4104              		.loc 1 68 0
 4105 0050 0030A0E3 		mov	r3, #0
 4106 0054 14300BE5 		str	r3, [fp, #-20]
 4107 0058 020000EA 		b	.L7
 4108              	.L8:
  69:../Jaime/main.c ****     
  70:../Jaime/main.c ****     /* Variables para touchscreen */
  71:../Jaime/main.c ****     int touch_x, touch_y;
  72:../Jaime/main.c ****     
  73:../Jaime/main.c ****     /* Bucle principal */
  74:../Jaime/main.c ****     while (1)
  75:../Jaime/main.c ****     {
  76:../Jaime/main.c ****         /* Comprobar si hay toque en la pantalla */
  77:../Jaime/main.c ****         if (ts_read_calibrated(&touch_x, &touch_y) == 0)
  78:../Jaime/main.c ****         {
  79:../Jaime/main.c ****             /* Verificar si hay región expandida activa */
  80:../Jaime/main.c ****             if (Sudoku_Esta_Region_Expandida_Activa())
  81:../Jaime/main.c ****             {
  82:../Jaime/main.c ****                 /* Procesar toque en la región expandida */
  83:../Jaime/main.c ****                 Sudoku_Procesar_Touch_Region_Expandida(touch_x, touch_y);
  84:../Jaime/main.c ****             }
  85:../Jaime/main.c ****             else
  86:../Jaime/main.c ****             {
  87:../Jaime/main.c ****                 /* Procesar toque en el tablero principal */
  88:../Jaime/main.c ****                 Sudoku_Procesar_Touch(touch_x, touch_y);
  89:../Jaime/main.c ****             }
  90:../Jaime/main.c ****             
  91:../Jaime/main.c ****             Delay(30);  // Evitar múltiples detecciones
  92:../Jaime/main.c ****         }
  93:../Jaime/main.c ****         
  94:../Jaime/main.c ****         /* Actualizar el tiempo en pantalla cada segundo (solo si no hay región expandida) */
  95:../Jaime/main.c ****         if (!Sudoku_Esta_Region_Expandida_Activa())
  96:../Jaime/main.c ****         {
  97:../Jaime/main.c ****             tiempo_actual = timer2_count();
  98:../Jaime/main.c ****             
  99:../Jaime/main.c ****             /* Actualizar cada 1 segundo (1000000 microsegundos) */
 100:../Jaime/main.c ****             if ((tiempo_actual - tiempo_anterior) >= 1000000)
 101:../Jaime/main.c ****             {
 102:../Jaime/main.c ****                 /* Solo actualizar si el juego está en progreso (no en pantalla inicial ni termina
 103:../Jaime/main.c ****                 if (Sudoku_Juego_En_Progreso())
 104:../Jaime/main.c ****                 {
 105:../Jaime/main.c ****                     /* Calcular tiempo transcurrido desde el inicio de la partida */
 106:../Jaime/main.c ****                     unsigned int tiempo_transcurrido = tiempo_actual - Sudoku_Obtener_Tiempo_Inicio
 107:../Jaime/main.c ****                     Sudoku_Actualizar_Tiempo(tiempo_transcurrido);
 108:../Jaime/main.c ****                 }
 109:../Jaime/main.c ****                 tiempo_anterior = tiempo_actual;
 110:../Jaime/main.c ****             }
 111:../Jaime/main.c ****         }
 112:../Jaime/main.c ****     }
 4109              		.loc 1 112 0
 4110 005c 0000A0E1 		mov	r0, r0	@ nop
 4111 0060 000000EA 		b	.L7
 4112              	.L9:
 4113 0064 0000A0E1 		mov	r0, r0	@ nop
 4114              	.L7:
  77:../Jaime/main.c ****         if (ts_read_calibrated(&touch_x, &touch_y) == 0)
 4115              		.loc 1 77 0
 4116 0068 1C204BE2 		sub	r2, fp, #28
 4117 006c 20304BE2 		sub	r3, fp, #32
 4118 0070 0200A0E1 		mov	r0, r2
 4119 0074 0310A0E1 		mov	r1, r3
 4120 0078 FEFFFFEB 		bl	ts_read_calibrated
 4121 007c 0030A0E1 		mov	r3, r0
 4122 0080 000053E3 		cmp	r3, #0
 4123 0084 1000001A 		bne	.L2
  80:../Jaime/main.c ****             if (Sudoku_Esta_Region_Expandida_Activa())
 4124              		.loc 1 80 0
 4125 0088 FEFFFFEB 		bl	Sudoku_Esta_Region_Expandida_Activa
 4126 008c 0030A0E1 		mov	r3, r0
 4127 0090 000053E3 		cmp	r3, #0
 4128 0094 0500000A 		beq	.L3
  83:../Jaime/main.c ****                 Sudoku_Procesar_Touch_Region_Expandida(touch_x, touch_y);
 4129              		.loc 1 83 0
 4130 0098 1C201BE5 		ldr	r2, [fp, #-28]
 4131 009c 20301BE5 		ldr	r3, [fp, #-32]
 4132 00a0 0200A0E1 		mov	r0, r2
 4133 00a4 0310A0E1 		mov	r1, r3
 4134 00a8 FEFFFFEB 		bl	Sudoku_Procesar_Touch_Region_Expandida
 4135 00ac 040000EA 		b	.L4
 4136              	.L3:
  88:../Jaime/main.c ****                 Sudoku_Procesar_Touch(touch_x, touch_y);
 4137              		.loc 1 88 0
 4138 00b0 1C201BE5 		ldr	r2, [fp, #-28]
 4139 00b4 20301BE5 		ldr	r3, [fp, #-32]
 4140 00b8 0200A0E1 		mov	r0, r2
 4141 00bc 0310A0E1 		mov	r1, r3
 4142 00c0 FEFFFFEB 		bl	Sudoku_Procesar_Touch
 4143              	.L4:
  91:../Jaime/main.c ****             Delay(30);  // Evitar múltiples detecciones
 4144              		.loc 1 91 0
 4145 00c4 1E00A0E3 		mov	r0, #30
 4146 00c8 FEFFFFEB 		bl	Delay
 4147              	.L2:
  95:../Jaime/main.c ****         if (!Sudoku_Esta_Region_Expandida_Activa())
 4148              		.loc 1 95 0
 4149 00cc FEFFFFEB 		bl	Sudoku_Esta_Region_Expandida_Activa
 4150 00d0 0030A0E1 		mov	r3, r0
 4151 00d4 000053E3 		cmp	r3, #0
 4152 00d8 DFFFFF1A 		bne	.L8
  97:../Jaime/main.c ****             tiempo_actual = timer2_count();
 4153              		.loc 1 97 0
 4154 00dc FEFFFFEB 		bl	timer2_count
 4155 00e0 14000BE5 		str	r0, [fp, #-20]
 100:../Jaime/main.c ****             if ((tiempo_actual - tiempo_anterior) >= 1000000)
 4156              		.loc 1 100 0
 4157 00e4 14201BE5 		ldr	r2, [fp, #-20]
 4158 00e8 10301BE5 		ldr	r3, [fp, #-16]
 4159 00ec 022063E0 		rsb	r2, r3, r2
 4160 00f0 3C309FE5 		ldr	r3, .L10
 4161 00f4 030052E1 		cmp	r2, r3
 4162 00f8 D9FFFF9A 		bls	.L9
 103:../Jaime/main.c ****                 if (Sudoku_Juego_En_Progreso())
 4163              		.loc 1 103 0
 4164 00fc FEFFFFEB 		bl	Sudoku_Juego_En_Progreso
 4165 0100 0030A0E1 		mov	r3, r0
 4166 0104 000053E3 		cmp	r3, #0
 4167 0108 0600000A 		beq	.L6
 4168              	.LBB2:
 106:../Jaime/main.c ****                     unsigned int tiempo_transcurrido = tiempo_actual - Sudoku_Obtener_Tiempo_Inicio
 4169              		.loc 1 106 0
 4170 010c FEFFFFEB 		bl	Sudoku_Obtener_Tiempo_Inicio
 4171 0110 0030A0E1 		mov	r3, r0
 4172 0114 14201BE5 		ldr	r2, [fp, #-20]
 4173 0118 023063E0 		rsb	r3, r3, r2
 4174 011c 18300BE5 		str	r3, [fp, #-24]
 107:../Jaime/main.c ****                     Sudoku_Actualizar_Tiempo(tiempo_transcurrido);
 4175              		.loc 1 107 0
 4176 0120 18001BE5 		ldr	r0, [fp, #-24]
 4177 0124 FEFFFFEB 		bl	Sudoku_Actualizar_Tiempo
 4178              	.L6:
 4179              	.LBE2:
 109:../Jaime/main.c ****                 tiempo_anterior = tiempo_actual;
 4180              		.loc 1 109 0
 4181 0128 14301BE5 		ldr	r3, [fp, #-20]
 4182 012c 10300BE5 		str	r3, [fp, #-16]
 4183              		.loc 1 112 0
 4184 0130 CCFFFFEA 		b	.L7
 4185              	.L11:
 4186              		.align	2
 4187              	.L10:
 4188 0134 3F420F00 		.word	999999
 4189              		.cfi_endproc
 4190              	.LFE7:
 4192              	.Letext0:
DEFINED SYMBOLS
                            *ABS*:00000000 main.c
                            *COM*:00000004 CheckTSP
                            *COM*:00000004 oneTouch
                            *COM*:00000004 Vx
                            *COM*:00000004 Vy
                            *COM*:00000004 Xmax
                            *COM*:00000004 Ymax
                            *COM*:00000004 Xmin
                            *COM*:00000004 Ymin
C:\Users\jaime\AppData\Local\Temp\ccl5TPul.s:3003   .data:00000000 $d
C:\Users\jaime\AppData\Local\Temp\ccl5TPul.s:3006   .data:00000000 cuadricula_C_C
C:\Users\jaime\AppData\Local\Temp\ccl5TPul.s:3154   .data:00000120 cuadricula_C_ARM
C:\Users\jaime\AppData\Local\Temp\ccl5TPul.s:3302   .data:00000240 cuadricula_ARM_C
C:\Users\jaime\AppData\Local\Temp\ccl5TPul.s:3450   .data:00000360 cuadricula_ARM_ARM
C:\Users\jaime\AppData\Local\Temp\ccl5TPul.s:3596   .rodata:00000000 $d
C:\Users\jaime\AppData\Local\Temp\ccl5TPul.s:3599   .rodata:00000000 cuadricula_Respaldo
C:\Users\jaime\AppData\Local\Temp\ccl5TPul.s:3748   .data:00000480 cuadricula_ARM_ARM_ALL
C:\Users\jaime\AppData\Local\Temp\ccl5TPul.s:3896   .data:000005a0 solucion
C:\Users\jaime\AppData\Local\Temp\ccl5TPul.s:4045   .data:000006c0 cuadricula
C:\Users\jaime\AppData\Local\Temp\ccl5TPul.s:4052   .bss:00000000 celdas_vacias
C:\Users\jaime\AppData\Local\Temp\ccl5TPul.s:4049   .bss:00000000 $d
C:\Users\jaime\AppData\Local\Temp\ccl5TPul.s:4055   .text:00000000 $a
C:\Users\jaime\AppData\Local\Temp\ccl5TPul.s:4058   .text:00000000 Main
C:\Users\jaime\AppData\Local\Temp\ccl5TPul.s:4188   .text:00000134 $d
                     .debug_frame:00000010 $d

UNDEFINED SYMBOLS
sys_init
timer2_init
timer1_init
cola_init
Eint4567_init
D8Led_init
Lcd_Init
TS_init
ts_calibrate_5pt
Sudoku_Pantalla_Inicial
leds_off
ts_read_calibrated
Sudoku_Esta_Region_Expandida_Activa
Sudoku_Procesar_Touch_Region_Expandida
Sudoku_Procesar_Touch
Delay
timer2_count
Sudoku_Juego_En_Progreso
Sudoku_Obtener_Tiempo_Inicio
Sudoku_Actualizar_Tiempo
